[debug] [2022-09-16T04:59:54.634Z] ----------------------------------------------------------------------
[debug] [2022-09-16T04:59:54.636Z] Command:       /home/ldrbx/.nvm/versions/node/v16.15.1/bin/node /home/ldrbx/.nvm/versions/node/v16.15.1/bin/firebase deploy --only functions
[debug] [2022-09-16T04:59:54.636Z] CLI Version:   11.9.0
[debug] [2022-09-16T04:59:54.636Z] Platform:      linux
[debug] [2022-09-16T04:59:54.636Z] Node Version:  v16.15.1
[debug] [2022-09-16T04:59:54.642Z] Time:          Fri Sep 16 2022 00:59:54 GMT-0400 (Eastern Daylight Time)
[debug] [2022-09-16T04:59:54.642Z] ----------------------------------------------------------------------
[debug] 
[debug] [2022-09-16T04:59:54.729Z] > command requires scopes: ["email","openid","https://www.googleapis.com/auth/cloudplatformprojects.readonly","https://www.googleapis.com/auth/firebase","https://www.googleapis.com/auth/cloud-platform"]
[debug] [2022-09-16T04:59:54.729Z] > authorizing via signed-in user (loic.drbx@gmail.com)
[debug] [2022-09-16T04:59:54.730Z] [iam] checking project safari-text for permissions ["cloudfunctions.functions.create","cloudfunctions.functions.delete","cloudfunctions.functions.get","cloudfunctions.functions.list","cloudfunctions.functions.update","cloudfunctions.operations.get","firebase.projects.get"]
[debug] [2022-09-16T04:59:54.731Z] > refreshing access token with scopes: []
[debug] [2022-09-16T04:59:54.734Z] >>> [apiv2][query] POST https://www.googleapis.com/oauth2/v3/token [none]
[debug] [2022-09-16T04:59:54.734Z] >>> [apiv2][body] POST https://www.googleapis.com/oauth2/v3/token [omitted]
[debug] [2022-09-16T04:59:55.002Z] <<< [apiv2][status] POST https://www.googleapis.com/oauth2/v3/token 200
[debug] [2022-09-16T04:59:55.002Z] <<< [apiv2][body] POST https://www.googleapis.com/oauth2/v3/token [omitted]
[debug] [2022-09-16T04:59:55.025Z] >>> [apiv2][query] POST https://cloudresourcemanager.googleapis.com/v1/projects/safari-text:testIamPermissions [none]
[debug] [2022-09-16T04:59:55.025Z] >>> [apiv2][(partial)header] POST https://cloudresourcemanager.googleapis.com/v1/projects/safari-text:testIamPermissions x-goog-quota-user=projects/safari-text
[debug] [2022-09-16T04:59:55.025Z] >>> [apiv2][body] POST https://cloudresourcemanager.googleapis.com/v1/projects/safari-text:testIamPermissions {"permissions":["cloudfunctions.functions.create","cloudfunctions.functions.delete","cloudfunctions.functions.get","cloudfunctions.functions.list","cloudfunctions.functions.update","cloudfunctions.operations.get","firebase.projects.get"]}
[debug] [2022-09-16T04:59:55.431Z] <<< [apiv2][status] POST https://cloudresourcemanager.googleapis.com/v1/projects/safari-text:testIamPermissions 200
[debug] [2022-09-16T04:59:55.432Z] <<< [apiv2][body] POST https://cloudresourcemanager.googleapis.com/v1/projects/safari-text:testIamPermissions {"permissions":["cloudfunctions.functions.create","cloudfunctions.functions.delete","cloudfunctions.functions.get","cloudfunctions.functions.list","cloudfunctions.functions.update","cloudfunctions.operations.get","firebase.projects.get"]}
[debug] [2022-09-16T04:59:55.432Z] >>> [apiv2][query] POST https://iam.googleapis.com/v1/projects/safari-text/serviceAccounts/safari-text@appspot.gserviceaccount.com:testIamPermissions [none]
[debug] [2022-09-16T04:59:55.433Z] >>> [apiv2][body] POST https://iam.googleapis.com/v1/projects/safari-text/serviceAccounts/safari-text@appspot.gserviceaccount.com:testIamPermissions {"permissions":["iam.serviceAccounts.actAs"]}
[debug] [2022-09-16T04:59:55.721Z] <<< [apiv2][status] POST https://iam.googleapis.com/v1/projects/safari-text/serviceAccounts/safari-text@appspot.gserviceaccount.com:testIamPermissions 200
[debug] [2022-09-16T04:59:55.721Z] <<< [apiv2][body] POST https://iam.googleapis.com/v1/projects/safari-text/serviceAccounts/safari-text@appspot.gserviceaccount.com:testIamPermissions {"permissions":["iam.serviceAccounts.actAs"]}
[info] 
[info] === Deploying to 'safari-text'...
[info] 
[info] i  deploying functions 
[info] Running command: npm --prefix "$RESOURCE_DIR" run lint
[info] ✔  functions: Finished running predeploy script. 
[debug] [2022-09-16T04:59:57.198Z] >>> [apiv2][query] GET https://firebase.googleapis.com/v1beta1/projects/safari-text [none]
[debug] [2022-09-16T04:59:57.738Z] <<< [apiv2][status] GET https://firebase.googleapis.com/v1beta1/projects/safari-text 200
[debug] [2022-09-16T04:59:57.738Z] <<< [apiv2][body] GET https://firebase.googleapis.com/v1beta1/projects/safari-text {"projectId":"safari-text","projectNumber":"313850022911","displayName":"safari-text","name":"projects/safari-text","resources":{"hostingSite":"safari-text","storageBucket":"safari-text.appspot.com","locationId":"europe-west"},"state":"ACTIVE","etag":"1_db4fcbf9-3c84-4efc-b81c-d928dc0e39f4"}
[info] i  functions: ensuring required API cloudfunctions.googleapis.com is enabled... 
[info] i  functions: ensuring required API cloudbuild.googleapis.com is enabled... 
[info] i  artifactregistry: ensuring required API artifactregistry.googleapis.com is enabled... 
[debug] [2022-09-16T04:59:57.740Z] >>> [apiv2][query] GET https://serviceusage.googleapis.com/v1/projects/safari-text/services/cloudfunctions.googleapis.com [none]
[debug] [2022-09-16T04:59:57.741Z] >>> [apiv2][query] GET https://serviceusage.googleapis.com/v1/projects/safari-text/services/runtimeconfig.googleapis.com [none]
[debug] [2022-09-16T04:59:57.743Z] >>> [apiv2][query] GET https://serviceusage.googleapis.com/v1/projects/safari-text/services/cloudbuild.googleapis.com [none]
[debug] [2022-09-16T04:59:57.743Z] >>> [apiv2][query] GET https://serviceusage.googleapis.com/v1/projects/safari-text/services/artifactregistry.googleapis.com [none]
[debug] [2022-09-16T04:59:58.353Z] <<< [apiv2][status] GET https://serviceusage.googleapis.com/v1/projects/safari-text/services/runtimeconfig.googleapis.com 200
[debug] [2022-09-16T04:59:58.354Z] <<< [apiv2][body] GET https://serviceusage.googleapis.com/v1/projects/safari-text/services/runtimeconfig.googleapis.com [omitted]
[debug] [2022-09-16T04:59:58.356Z] <<< [apiv2][status] GET https://serviceusage.googleapis.com/v1/projects/safari-text/services/cloudbuild.googleapis.com 200
[debug] [2022-09-16T04:59:58.356Z] <<< [apiv2][body] GET https://serviceusage.googleapis.com/v1/projects/safari-text/services/cloudbuild.googleapis.com [omitted]
[info] ✔  functions: required API cloudbuild.googleapis.com is enabled 
[debug] [2022-09-16T04:59:58.358Z] <<< [apiv2][status] GET https://serviceusage.googleapis.com/v1/projects/safari-text/services/artifactregistry.googleapis.com 200
[debug] [2022-09-16T04:59:58.358Z] <<< [apiv2][body] GET https://serviceusage.googleapis.com/v1/projects/safari-text/services/artifactregistry.googleapis.com [omitted]
[info] ✔  artifactregistry: required API artifactregistry.googleapis.com is enabled 
[debug] [2022-09-16T04:59:58.360Z] <<< [apiv2][status] GET https://serviceusage.googleapis.com/v1/projects/safari-text/services/cloudfunctions.googleapis.com 200
[debug] [2022-09-16T04:59:58.360Z] <<< [apiv2][body] GET https://serviceusage.googleapis.com/v1/projects/safari-text/services/cloudfunctions.googleapis.com [omitted]
[info] ✔  functions: required API cloudfunctions.googleapis.com is enabled 
[debug] [2022-09-16T04:59:58.361Z] >>> [apiv2][query] GET https://firebase.googleapis.com/v1beta1/projects/safari-text/adminSdkConfig [none]
[debug] [2022-09-16T04:59:58.731Z] <<< [apiv2][status] GET https://firebase.googleapis.com/v1beta1/projects/safari-text/adminSdkConfig 200
[debug] [2022-09-16T04:59:58.731Z] <<< [apiv2][body] GET https://firebase.googleapis.com/v1beta1/projects/safari-text/adminSdkConfig {"projectId":"safari-text","storageBucket":"safari-text.appspot.com","locationId":"europe-west"}
[debug] [2022-09-16T04:59:58.731Z] >>> [apiv2][query] GET https://runtimeconfig.googleapis.com/v1beta1/projects/safari-text/configs [none]
[debug] [2022-09-16T04:59:59.068Z] <<< [apiv2][status] GET https://runtimeconfig.googleapis.com/v1beta1/projects/safari-text/configs 200
[debug] [2022-09-16T04:59:59.069Z] <<< [apiv2][body] GET https://runtimeconfig.googleapis.com/v1beta1/projects/safari-text/configs {}
[info] i  functions: preparing codebase default for deployment 
[debug] [2022-09-16T04:59:59.071Z] Validating nodejs source
[debug] [2022-09-16T05:00:00.109Z] > [functions] package.json contents: {
  "name": "functions",
  "description": "Cloud Functions for Firebase",
  "scripts": {
    "lint": "eslint .",
    "serve": "firebase emulators:start --only functions",
    "shell": "firebase functions:shell",
    "start": "npm run shell",
    "deploy": "firebase deploy --only functions",
    "logs": "firebase functions:log"
  },
  "engines": {
    "node": "16"
  },
  "main": "index.js",
  "dependencies": {
    "firebase-admin": "^10.0.2",
    "firebase-functions": "^3.18.0",
    "twilio": "^3.82.0"
  },
  "devDependencies": {
    "eslint": "^8.9.0",
    "eslint-config-google": "^0.14.0",
    "firebase-functions-test": "^0.2.0"
  },
  "private": true
}
[debug] [2022-09-16T05:00:00.110Z] Building nodejs source
[info] i  functions: Loaded environment variables from .env. 
[debug] [2022-09-16T05:00:00.112Z] Could not find functions.yaml. Must use http discovery
[debug] [2022-09-16T05:00:00.224Z] Serving at port 9005

[debug] [2022-09-16T05:00:00.425Z] Got response from /__/functions.yaml {"endpoints":{"addAccount":{"platform":"gcfv1","eventTrigger":{"eventType":"providers/cloud.firestore/eventTypes/document.create","eventFilters":{"resource":"projects/safari-text/databases/(default)/documents/accounts/{documentId}"},"retry":false},"labels":{},"entryPoint":"addAccount"},"inboundSMS":{"platform":"gcfv1","httpsTrigger":{},"entryPoint":"inboundSMS"}},"specVersion":"v1alpha1","requiredAPIs":[]}
[debug] [2022-09-16T05:00:00.432Z] shutdown requested via /__/quitquitquit

[info] i  functions: preparing functions directory for uploading... 
[info] i  functions: packaged /home/ldrbx/hackathons/eth-safari/functions (83.22 KB) for uploading 
[debug] [2022-09-16T05:00:00.497Z] >>> [apiv2][query] GET https://cloudfunctions.googleapis.com/v1/projects/safari-text/locations/-/functions [none]
[debug] [2022-09-16T05:00:01.420Z] <<< [apiv2][status] GET https://cloudfunctions.googleapis.com/v1/projects/safari-text/locations/-/functions 200
[debug] [2022-09-16T05:00:01.420Z] <<< [apiv2][body] GET https://cloudfunctions.googleapis.com/v1/projects/safari-text/locations/-/functions {"functions":[{"name":"projects/safari-text/locations/us-central1/functions/addAccount","eventTrigger":{"eventType":"providers/cloud.firestore/eventTypes/document.create","resource":"projects/safari-text/databases/(default)/documents/accounts/{documentId}","service":"firestore.googleapis.com","failurePolicy":{}},"status":"OFFLINE","entryPoint":"addAccount","timeout":"60s","availableMemoryMb":256,"serviceAccountEmail":"safari-text@appspot.gserviceaccount.com","updateTime":"2022-09-16T03:27:08.947Z","versionId":"3","labels":{"deployment-tool":"cli-firebase"},"sourceUploadUrl":"https://storage.googleapis.com/uploads-1074804142481.us-central1.cloudfunctions.appspot.com/6ff95d05-b925-4c1f-ac89-f9ee4d0c2747.zip","environmentVariables":{"TWILIO_ACCOUNT_SID":"AC65015b2d59ae5b0f1b493798eea6b42f","TWILIO_AUTH_TOKEN":"5a162f099c138fdbad2038ca314eacbb","TWILIO_PHONE_NUMBER":"+18146793741","MY_PHONE_NUMBER":"+13439993428","FIREBASE_CONFIG":"{\"projectId\":\"safari-text\",\"storageBucket\":\"safari-text.appspot.com\",\"locationId\":\"europe-west\"}","GCLOUD_PROJECT":"safari-text"},"runtime":"nodejs16","ingressSettings":"ALLOW_ALL","buildId":"bd2d83c3-0840-4526-844b-a3cdfd038a86","buildName":"projects/313850022911/locations/us-central1/builds/bd2d83c3-0840-4526-844b-a3cdfd038a86","dockerRegistry":"ARTIFACT_REGISTRY"},{"name":"projects/safari-text/locations/us-central1/functions/helloServer","httpsTrigger":{"url":"https://us-central1-safari-text.cloudfunctions.net/helloServer","securityLevel":"SECURE_ALWAYS"},"status":"OFFLINE","entryPoint":"helloServer","timeout":"60s","availableMemoryMb":256,"serviceAccountEmail":"safari-text@appspot.gserviceaccount.com","updateTime":"2022-09-16T03:27:58.991Z","versionId":"1","labels":{"deployment-tool":"cli-firebase"},"sourceUploadUrl":"https://storage.googleapis.com/uploads-1074804142481.us-central1.cloudfunctions.appspot.com/e9100d9e-5c1f-4c04-9812-fff63f05b77d.zip","environmentVariables":{"TWILIO_ACCOUNT_SID":"AC65015b2d59ae5b0f1b493798eea6b42f","TWILIO_AUTH_TOKEN":"5a162f099c138fdbad2038ca314eacbb","TWILIO_PHONE_NUMBER":"+18146793741","MY_PHONE_NUMBER":"+13439993428","FIREBASE_CONFIG":"{\"projectId\":\"safari-text\",\"storageBucket\":\"safari-text.appspot.com\",\"locationId\":\"europe-west\"}","GCLOUD_PROJECT":"safari-text"},"runtime":"nodejs16","ingressSettings":"ALLOW_ALL","buildId":"b8f5c964-7435-4977-afb7-db94ca78370f","buildName":"projects/313850022911/locations/us-central1/builds/b8f5c964-7435-4977-afb7-db94ca78370f","dockerRegistry":"ARTIFACT_REGISTRY"},{"name":"projects/safari-text/locations/us-central1/functions/inboundSMS","httpsTrigger":{"url":"https://us-central1-safari-text.cloudfunctions.net/inboundSMS","securityLevel":"SECURE_ALWAYS"},"status":"OFFLINE","entryPoint":"inboundSMS","timeout":"60s","availableMemoryMb":256,"serviceAccountEmail":"safari-text@appspot.gserviceaccount.com","updateTime":"2022-09-16T03:27:54.621Z","versionId":"3","labels":{"deployment-tool":"cli-firebase"},"sourceUploadUrl":"https://storage.googleapis.com/uploads-1074804142481.us-central1.cloudfunctions.appspot.com/6ff95d05-b925-4c1f-ac89-f9ee4d0c2747.zip","environmentVariables":{"TWILIO_ACCOUNT_SID":"AC65015b2d59ae5b0f1b493798eea6b42f","TWILIO_AUTH_TOKEN":"5a162f099c138fdbad2038ca314eacbb","TWILIO_PHONE_NUMBER":"+18146793741","MY_PHONE_NUMBER":"+13439993428","FIREBASE_CONFIG":"{\"projectId\":\"safari-text\",\"storageBucket\":\"safari-text.appspot.com\",\"locationId\":\"europe-west\"}","GCLOUD_PROJECT":"safari-text"},"runtime":"nodejs16","ingressSettings":"ALLOW_ALL","buildId":"bd2d83c3-0840-4526-844b-a3cdfd038a86","buildName":"projects/313850022911/locations/us-central1/builds/bd2d83c3-0840-4526-844b-a3cdfd038a86","dockerRegistry":"ARTIFACT_REGISTRY"}]}
[debug] [2022-09-16T05:00:01.421Z] >>> [apiv2][query] GET https://cloudfunctions.googleapis.com/v2alpha/projects/safari-text/locations/-/functions [none]
[debug] [2022-09-16T05:00:02.094Z] <<< [apiv2][status] GET https://cloudfunctions.googleapis.com/v2alpha/projects/safari-text/locations/-/functions 200
[debug] [2022-09-16T05:00:02.094Z] <<< [apiv2][body] GET https://cloudfunctions.googleapis.com/v2alpha/projects/safari-text/locations/-/functions {}
[debug] [2022-09-16T05:00:02.098Z] >>> [apiv2][query] GET https://firebase.googleapis.com/v1beta1/projects/safari-text [none]
[debug] [2022-09-16T05:00:02.648Z] <<< [apiv2][status] GET https://firebase.googleapis.com/v1beta1/projects/safari-text 200
[debug] [2022-09-16T05:00:02.648Z] <<< [apiv2][body] GET https://firebase.googleapis.com/v1beta1/projects/safari-text {"projectId":"safari-text","projectNumber":"313850022911","displayName":"safari-text","name":"projects/safari-text","resources":{"hostingSite":"safari-text","storageBucket":"safari-text.appspot.com","locationId":"europe-west"},"state":"ACTIVE","etag":"1_db4fcbf9-3c84-4efc-b81c-d928dc0e39f4"}
[debug] [2022-09-16T05:00:02.648Z] >>> [apiv2][query] GET https://firebase.googleapis.com/v1beta1/projects/safari-text [none]
[debug] [2022-09-16T05:00:03.045Z] <<< [apiv2][status] GET https://firebase.googleapis.com/v1beta1/projects/safari-text 200
[debug] [2022-09-16T05:00:03.045Z] <<< [apiv2][body] GET https://firebase.googleapis.com/v1beta1/projects/safari-text {"projectId":"safari-text","projectNumber":"313850022911","displayName":"safari-text","name":"projects/safari-text","resources":{"hostingSite":"safari-text","storageBucket":"safari-text.appspot.com","locationId":"europe-west"},"state":"ACTIVE","etag":"1_db4fcbf9-3c84-4efc-b81c-d928dc0e39f4"}
[debug] [2022-09-16T05:00:03.046Z] >>> [apiv2][query] POST https://cloudfunctions.googleapis.com/v1/projects/safari-text/locations/us-central1/functions:generateUploadUrl [none]
[debug] [2022-09-16T05:00:03.046Z] >>> [apiv2][body] POST https://cloudfunctions.googleapis.com/v1/projects/safari-text/locations/us-central1/functions:generateUploadUrl {}
[debug] [2022-09-16T05:00:03.805Z] <<< [apiv2][status] POST https://cloudfunctions.googleapis.com/v1/projects/safari-text/locations/us-central1/functions:generateUploadUrl 200
[debug] [2022-09-16T05:00:03.805Z] <<< [apiv2][body] POST https://cloudfunctions.googleapis.com/v1/projects/safari-text/locations/us-central1/functions:generateUploadUrl {"uploadUrl":"https://storage.googleapis.com/uploads-1074804142481.us-central1.cloudfunctions.appspot.com/0ab1e650-73d2-4fee-94fa-46a5ff766a3b.zip?GoogleAccessId=service-313850022911@gcf-admin-robot.iam.gserviceaccount.com&Expires=1663306202&Signature=I6xM1zC4JH8T6rDFR8q%2BthEQVavTrQ7q1VP4r%2FopTVFIlJvzzGTbFqNJHVjA4%2Fy%2FJE9d7qfIAbc1IVxtgw1wczWqDnnntXm%2ByCnNXzVrgwoO927Op1RHWpBxjaRUL2YK%2BJ5%2FSI5%2FzhENVZhzRqMNZIT%2FkFMavAvnDdJmI%2FZr0myaX8weWLrmhTA7ONniRsMKDPSxXIac%2BRKIFL8y2WRjGGgxBPjfFSdUMmvO1qn7aHxygdeJWr%2BHEy7ioNr9nPajuCsPK7LDC%2ByI8ND8liU%2FaxqqtxrmAWNyLBljXhusCAUboz10v7bj0P1oZZbreGxYHpcwUjcmSNtoeN5BU6c0Yw%3D%3D"}
[debug] [2022-09-16T05:00:03.806Z] >>> [apiv2][query] PUT https://storage.googleapis.com/uploads-1074804142481.us-central1.cloudfunctions.appspot.com/0ab1e650-73d2-4fee-94fa-46a5ff766a3b.zip GoogleAccessId=service-313850022911%40gcf-admin-robot.iam.gserviceaccount.com&Expires=1663306202&Signature=I6xM1zC4JH8T6rDFR8q%2BthEQVavTrQ7q1VP4r%2FopTVFIlJvzzGTbFqNJHVjA4%2Fy%2FJE9d7qfIAbc1IVxtgw1wczWqDnnntXm%2ByCnNXzVrgwoO927Op1RHWpBxjaRUL2YK%2BJ5%2FSI5%2FzhENVZhzRqMNZIT%2FkFMavAvnDdJmI%2FZr0myaX8weWLrmhTA7ONniRsMKDPSxXIac%2BRKIFL8y2WRjGGgxBPjfFSdUMmvO1qn7aHxygdeJWr%2BHEy7ioNr9nPajuCsPK7LDC%2ByI8ND8liU%2FaxqqtxrmAWNyLBljXhusCAUboz10v7bj0P1oZZbreGxYHpcwUjcmSNtoeN5BU6c0Yw%3D%3D
[debug] [2022-09-16T05:00:03.806Z] >>> [apiv2][body] PUT https://storage.googleapis.com/uploads-1074804142481.us-central1.cloudfunctions.appspot.com/0ab1e650-73d2-4fee-94fa-46a5ff766a3b.zip [stream]
[debug] [2022-09-16T05:00:04.208Z] <<< [apiv2][status] PUT https://storage.googleapis.com/uploads-1074804142481.us-central1.cloudfunctions.appspot.com/0ab1e650-73d2-4fee-94fa-46a5ff766a3b.zip 200
[debug] [2022-09-16T05:00:04.208Z] <<< [apiv2][body] PUT https://storage.googleapis.com/uploads-1074804142481.us-central1.cloudfunctions.appspot.com/0ab1e650-73d2-4fee-94fa-46a5ff766a3b.zip [omitted]
[info] ✔  functions: functions folder uploaded successfully 
[info] 
The following functions are found in your project but do not exist in your local source code:
	helloServer(us-central1)

If you are renaming a function or changing its region, it is recommended that you create the new function first before deleting the old one to prevent event loss. For more info, visit https://firebase.google.com/docs/functions/manage-functions#modify

[info] i  functions: updating Node.js 16 function addAccount(us-central1)... 
[info] i  functions: updating Node.js 16 function inboundSMS(us-central1)... 
[debug] [2022-09-16T05:00:11.635Z] >>> [apiv2][query] PATCH https://cloudfunctions.googleapis.com/v1/projects/safari-text/locations/us-central1/functions/addAccount updateMask=name%2CsourceUploadUrl%2CentryPoint%2Cruntime%2CdockerRegistry%2Clabels%2CeventTrigger.eventType%2CeventTrigger.resource%2CeventTrigger.failurePolicy%2CenvironmentVariables%2CavailableMemoryMb%2CsourceToken
[debug] [2022-09-16T05:00:11.636Z] >>> [apiv2][body] PATCH https://cloudfunctions.googleapis.com/v1/projects/safari-text/locations/us-central1/functions/addAccount {"name":"projects/safari-text/locations/us-central1/functions/addAccount","sourceUploadUrl":"https://storage.googleapis.com/uploads-1074804142481.us-central1.cloudfunctions.appspot.com/0ab1e650-73d2-4fee-94fa-46a5ff766a3b.zip?GoogleAccessId=service-313850022911@gcf-admin-robot.iam.gserviceaccount.com&Expires=1663306202&Signature=I6xM1zC4JH8T6rDFR8q%2BthEQVavTrQ7q1VP4r%2FopTVFIlJvzzGTbFqNJHVjA4%2Fy%2FJE9d7qfIAbc1IVxtgw1wczWqDnnntXm%2ByCnNXzVrgwoO927Op1RHWpBxjaRUL2YK%2BJ5%2FSI5%2FzhENVZhzRqMNZIT%2FkFMavAvnDdJmI%2FZr0myaX8weWLrmhTA7ONniRsMKDPSxXIac%2BRKIFL8y2WRjGGgxBPjfFSdUMmvO1qn7aHxygdeJWr%2BHEy7ioNr9nPajuCsPK7LDC%2ByI8ND8liU%2FaxqqtxrmAWNyLBljXhusCAUboz10v7bj0P1oZZbreGxYHpcwUjcmSNtoeN5BU6c0Yw%3D%3D","entryPoint":"addAccount","runtime":"nodejs16","dockerRegistry":"ARTIFACT_REGISTRY","labels":{"deployment-tool":"cli-firebase"},"eventTrigger":{"eventType":"providers/cloud.firestore/eventTypes/document.create","resource":"projects/safari-text/databases/(default)/documents/accounts/{documentId}"},"environmentVariables":{"TWILIO_ACCOUNT_SID":"AC65015b2d59ae5b0f1b493798eea6b42f","TWILIO_AUTH_TOKEN":"5a162f099c138fdbad2038ca314eacbb","TWILIO_PHONE_NUMBER":"+18146793741","MY_PHONE_NUMBER":"+13439993428","FIREBASE_CONFIG":"{\"projectId\":\"safari-text\",\"storageBucket\":\"safari-text.appspot.com\",\"locationId\":\"europe-west\"}","GCLOUD_PROJECT":"safari-text"},"availableMemoryMb":256}
[debug] [2022-09-16T05:00:12.480Z] <<< [apiv2][status] PATCH https://cloudfunctions.googleapis.com/v1/projects/safari-text/locations/us-central1/functions/addAccount 200
[debug] [2022-09-16T05:00:12.480Z] <<< [apiv2][body] PATCH https://cloudfunctions.googleapis.com/v1/projects/safari-text/locations/us-central1/functions/addAccount {"name":"operations/c2FmYXJpLXRleHQvdXMtY2VudHJhbDEvYWRkQWNjb3VudC9PWG5ab1ZWSXo2MA","metadata":{"@type":"type.googleapis.com/google.cloud.functions.v1.OperationMetadataV1","target":"projects/safari-text/locations/us-central1/functions/addAccount","type":"UPDATE_FUNCTION","request":{"@type":"type.googleapis.com/google.cloud.functions.v1.CloudFunction","name":"projects/safari-text/locations/us-central1/functions/addAccount","eventTrigger":{"eventType":"providers/cloud.firestore/eventTypes/document.create","resource":"projects/safari-text/databases/(default)/documents/accounts/{documentId}","service":"firestore.googleapis.com"},"status":"OFFLINE","entryPoint":"addAccount","timeout":"60s","availableMemoryMb":256,"serviceAccountEmail":"safari-text@appspot.gserviceaccount.com","updateTime":"2022-09-16T03:27:08.947Z","versionId":"3","labels":{"deployment-tool":"cli-firebase"},"sourceUploadUrl":"https://storage.googleapis.com/uploads-1074804142481.us-central1.cloudfunctions.appspot.com/0ab1e650-73d2-4fee-94fa-46a5ff766a3b.zip?GoogleAccessId=service-313850022911@gcf-admin-robot.iam.gserviceaccount.com&Expires=1663306202&Signature=I6xM1zC4JH8T6rDFR8q%2BthEQVavTrQ7q1VP4r%2FopTVFIlJvzzGTbFqNJHVjA4%2Fy%2FJE9d7qfIAbc1IVxtgw1wczWqDnnntXm%2ByCnNXzVrgwoO927Op1RHWpBxjaRUL2YK%2BJ5%2FSI5%2FzhENVZhzRqMNZIT%2FkFMavAvnDdJmI%2FZr0myaX8weWLrmhTA7ONniRsMKDPSxXIac%2BRKIFL8y2WRjGGgxBPjfFSdUMmvO1qn7aHxygdeJWr%2BHEy7ioNr9nPajuCsPK7LDC%2ByI8ND8liU%2FaxqqtxrmAWNyLBljXhusCAUboz10v7bj0P1oZZbreGxYHpcwUjcmSNtoeN5BU6c0Yw%3D%3D","environmentVariables":{"TWILIO_ACCOUNT_SID":"AC65015b2d59ae5b0f1b493798eea6b42f","TWILIO_AUTH_TOKEN":"5a162f099c138fdbad2038ca314eacbb","TWILIO_PHONE_NUMBER":"+18146793741","MY_PHONE_NUMBER":"+13439993428","FIREBASE_CONFIG":"{\"projectId\":\"safari-text\",\"storageBucket\":\"safari-text.appspot.com\",\"locationId\":\"europe-west\"}","GCLOUD_PROJECT":"safari-text"},"runtime":"nodejs16","ingressSettings":"ALLOW_ALL","buildId":"bd2d83c3-0840-4526-844b-a3cdfd038a86","buildName":"projects/313850022911/locations/us-central1/builds/bd2d83c3-0840-4526-844b-a3cdfd038a86","dockerRegistry":"ARTIFACT_REGISTRY"},"versionId":"4","updateTime":"2022-09-16T05:00:11Z"}}
[debug] [2022-09-16T05:00:12.481Z] >>> [apiv2][query] GET https://cloudfunctions.googleapis.com/v1/operations/c2FmYXJpLXRleHQvdXMtY2VudHJhbDEvYWRkQWNjb3VudC9PWG5ab1ZWSXo2MA [none]
[debug] [2022-09-16T05:00:12.828Z] <<< [apiv2][status] GET https://cloudfunctions.googleapis.com/v1/operations/c2FmYXJpLXRleHQvdXMtY2VudHJhbDEvYWRkQWNjb3VudC9PWG5ab1ZWSXo2MA 200
[debug] [2022-09-16T05:00:12.828Z] <<< [apiv2][body] GET https://cloudfunctions.googleapis.com/v1/operations/c2FmYXJpLXRleHQvdXMtY2VudHJhbDEvYWRkQWNjb3VudC9PWG5ab1ZWSXo2MA {"name":"operations/c2FmYXJpLXRleHQvdXMtY2VudHJhbDEvYWRkQWNjb3VudC9PWG5ab1ZWSXo2MA","metadata":{"@type":"type.googleapis.com/google.cloud.functions.v1.OperationMetadataV1","target":"projects/safari-text/locations/us-central1/functions/addAccount","type":"UPDATE_FUNCTION","request":{"@type":"type.googleapis.com/google.cloud.functions.v1.CloudFunction","name":"projects/safari-text/locations/us-central1/functions/addAccount","eventTrigger":{"eventType":"providers/cloud.firestore/eventTypes/document.create","resource":"projects/safari-text/databases/(default)/documents/accounts/{documentId}","service":"firestore.googleapis.com"},"status":"OFFLINE","entryPoint":"addAccount","timeout":"60s","availableMemoryMb":256,"serviceAccountEmail":"safari-text@appspot.gserviceaccount.com","updateTime":"2022-09-16T03:27:08.947Z","versionId":"3","labels":{"deployment-tool":"cli-firebase"},"sourceUploadUrl":"https://storage.googleapis.com/uploads-1074804142481.us-central1.cloudfunctions.appspot.com/0ab1e650-73d2-4fee-94fa-46a5ff766a3b.zip?GoogleAccessId=service-313850022911@gcf-admin-robot.iam.gserviceaccount.com&Expires=1663306202&Signature=I6xM1zC4JH8T6rDFR8q%2BthEQVavTrQ7q1VP4r%2FopTVFIlJvzzGTbFqNJHVjA4%2Fy%2FJE9d7qfIAbc1IVxtgw1wczWqDnnntXm%2ByCnNXzVrgwoO927Op1RHWpBxjaRUL2YK%2BJ5%2FSI5%2FzhENVZhzRqMNZIT%2FkFMavAvnDdJmI%2FZr0myaX8weWLrmhTA7ONniRsMKDPSxXIac%2BRKIFL8y2WRjGGgxBPjfFSdUMmvO1qn7aHxygdeJWr%2BHEy7ioNr9nPajuCsPK7LDC%2ByI8ND8liU%2FaxqqtxrmAWNyLBljXhusCAUboz10v7bj0P1oZZbreGxYHpcwUjcmSNtoeN5BU6c0Yw%3D%3D","environmentVariables":{"TWILIO_ACCOUNT_SID":"AC65015b2d59ae5b0f1b493798eea6b42f","TWILIO_AUTH_TOKEN":"5a162f099c138fdbad2038ca314eacbb","TWILIO_PHONE_NUMBER":"+18146793741","MY_PHONE_NUMBER":"+13439993428","FIREBASE_CONFIG":"{\"projectId\":\"safari-text\",\"storageBucket\":\"safari-text.appspot.com\",\"locationId\":\"europe-west\"}","GCLOUD_PROJECT":"safari-text"},"runtime":"nodejs16","ingressSettings":"ALLOW_ALL","buildId":"bd2d83c3-0840-4526-844b-a3cdfd038a86","buildName":"projects/313850022911/locations/us-central1/builds/bd2d83c3-0840-4526-844b-a3cdfd038a86","dockerRegistry":"ARTIFACT_REGISTRY"},"versionId":"4","updateTime":"2022-09-16T05:00:11Z"}}
[debug] [2022-09-16T05:00:13.330Z] [update-default-us-central1-addAccount] Retrying task index 0
[debug] [2022-09-16T05:00:13.330Z] >>> [apiv2][query] GET https://cloudfunctions.googleapis.com/v1/operations/c2FmYXJpLXRleHQvdXMtY2VudHJhbDEvYWRkQWNjb3VudC9PWG5ab1ZWSXo2MA [none]
[debug] [2022-09-16T05:00:13.670Z] <<< [apiv2][status] GET https://cloudfunctions.googleapis.com/v1/operations/c2FmYXJpLXRleHQvdXMtY2VudHJhbDEvYWRkQWNjb3VudC9PWG5ab1ZWSXo2MA 200
[debug] [2022-09-16T05:00:13.670Z] <<< [apiv2][body] GET https://cloudfunctions.googleapis.com/v1/operations/c2FmYXJpLXRleHQvdXMtY2VudHJhbDEvYWRkQWNjb3VudC9PWG5ab1ZWSXo2MA {"name":"operations/c2FmYXJpLXRleHQvdXMtY2VudHJhbDEvYWRkQWNjb3VudC9PWG5ab1ZWSXo2MA","metadata":{"@type":"type.googleapis.com/google.cloud.functions.v1.OperationMetadataV1","target":"projects/safari-text/locations/us-central1/functions/addAccount","type":"UPDATE_FUNCTION","request":{"@type":"type.googleapis.com/google.cloud.functions.v1.CloudFunction","name":"projects/safari-text/locations/us-central1/functions/addAccount","eventTrigger":{"eventType":"providers/cloud.firestore/eventTypes/document.create","resource":"projects/safari-text/databases/(default)/documents/accounts/{documentId}","service":"firestore.googleapis.com"},"status":"OFFLINE","entryPoint":"addAccount","timeout":"60s","availableMemoryMb":256,"serviceAccountEmail":"safari-text@appspot.gserviceaccount.com","updateTime":"2022-09-16T03:27:08.947Z","versionId":"3","labels":{"deployment-tool":"cli-firebase"},"sourceUploadUrl":"https://storage.googleapis.com/uploads-1074804142481.us-central1.cloudfunctions.appspot.com/0ab1e650-73d2-4fee-94fa-46a5ff766a3b.zip?GoogleAccessId=service-313850022911@gcf-admin-robot.iam.gserviceaccount.com&Expires=1663306202&Signature=I6xM1zC4JH8T6rDFR8q%2BthEQVavTrQ7q1VP4r%2FopTVFIlJvzzGTbFqNJHVjA4%2Fy%2FJE9d7qfIAbc1IVxtgw1wczWqDnnntXm%2ByCnNXzVrgwoO927Op1RHWpBxjaRUL2YK%2BJ5%2FSI5%2FzhENVZhzRqMNZIT%2FkFMavAvnDdJmI%2FZr0myaX8weWLrmhTA7ONniRsMKDPSxXIac%2BRKIFL8y2WRjGGgxBPjfFSdUMmvO1qn7aHxygdeJWr%2BHEy7ioNr9nPajuCsPK7LDC%2ByI8ND8liU%2FaxqqtxrmAWNyLBljXhusCAUboz10v7bj0P1oZZbreGxYHpcwUjcmSNtoeN5BU6c0Yw%3D%3D","environmentVariables":{"TWILIO_ACCOUNT_SID":"AC65015b2d59ae5b0f1b493798eea6b42f","TWILIO_AUTH_TOKEN":"5a162f099c138fdbad2038ca314eacbb","TWILIO_PHONE_NUMBER":"+18146793741","MY_PHONE_NUMBER":"+13439993428","FIREBASE_CONFIG":"{\"projectId\":\"safari-text\",\"storageBucket\":\"safari-text.appspot.com\",\"locationId\":\"europe-west\"}","GCLOUD_PROJECT":"safari-text"},"runtime":"nodejs16","ingressSettings":"ALLOW_ALL","buildId":"bd2d83c3-0840-4526-844b-a3cdfd038a86","buildName":"projects/313850022911/locations/us-central1/builds/bd2d83c3-0840-4526-844b-a3cdfd038a86","dockerRegistry":"ARTIFACT_REGISTRY"},"versionId":"4","updateTime":"2022-09-16T05:00:11Z","buildId":"e73ac5cd-5b8a-466c-b7a8-e14f0ad46771","buildName":"projects/313850022911/locations/us-central1/builds/e73ac5cd-5b8a-466c-b7a8-e14f0ad46771"}}
[debug] [2022-09-16T05:00:14.672Z] [update-default-us-central1-addAccount] Retrying task index 0
[debug] [2022-09-16T05:00:14.673Z] >>> [apiv2][query] GET https://cloudfunctions.googleapis.com/v1/operations/c2FmYXJpLXRleHQvdXMtY2VudHJhbDEvYWRkQWNjb3VudC9PWG5ab1ZWSXo2MA [none]
[debug] [2022-09-16T05:00:14.969Z] <<< [apiv2][status] GET https://cloudfunctions.googleapis.com/v1/operations/c2FmYXJpLXRleHQvdXMtY2VudHJhbDEvYWRkQWNjb3VudC9PWG5ab1ZWSXo2MA 200
[debug] [2022-09-16T05:00:14.969Z] <<< [apiv2][body] GET https://cloudfunctions.googleapis.com/v1/operations/c2FmYXJpLXRleHQvdXMtY2VudHJhbDEvYWRkQWNjb3VudC9PWG5ab1ZWSXo2MA {"name":"operations/c2FmYXJpLXRleHQvdXMtY2VudHJhbDEvYWRkQWNjb3VudC9PWG5ab1ZWSXo2MA","metadata":{"@type":"type.googleapis.com/google.cloud.functions.v1.OperationMetadataV1","target":"projects/safari-text/locations/us-central1/functions/addAccount","type":"UPDATE_FUNCTION","request":{"@type":"type.googleapis.com/google.cloud.functions.v1.CloudFunction","name":"projects/safari-text/locations/us-central1/functions/addAccount","eventTrigger":{"eventType":"providers/cloud.firestore/eventTypes/document.create","resource":"projects/safari-text/databases/(default)/documents/accounts/{documentId}","service":"firestore.googleapis.com"},"status":"OFFLINE","entryPoint":"addAccount","timeout":"60s","availableMemoryMb":256,"serviceAccountEmail":"safari-text@appspot.gserviceaccount.com","updateTime":"2022-09-16T03:27:08.947Z","versionId":"3","labels":{"deployment-tool":"cli-firebase"},"sourceUploadUrl":"https://storage.googleapis.com/uploads-1074804142481.us-central1.cloudfunctions.appspot.com/0ab1e650-73d2-4fee-94fa-46a5ff766a3b.zip?GoogleAccessId=service-313850022911@gcf-admin-robot.iam.gserviceaccount.com&Expires=1663306202&Signature=I6xM1zC4JH8T6rDFR8q%2BthEQVavTrQ7q1VP4r%2FopTVFIlJvzzGTbFqNJHVjA4%2Fy%2FJE9d7qfIAbc1IVxtgw1wczWqDnnntXm%2ByCnNXzVrgwoO927Op1RHWpBxjaRUL2YK%2BJ5%2FSI5%2FzhENVZhzRqMNZIT%2FkFMavAvnDdJmI%2FZr0myaX8weWLrmhTA7ONniRsMKDPSxXIac%2BRKIFL8y2WRjGGgxBPjfFSdUMmvO1qn7aHxygdeJWr%2BHEy7ioNr9nPajuCsPK7LDC%2ByI8ND8liU%2FaxqqtxrmAWNyLBljXhusCAUboz10v7bj0P1oZZbreGxYHpcwUjcmSNtoeN5BU6c0Yw%3D%3D","environmentVariables":{"TWILIO_ACCOUNT_SID":"AC65015b2d59ae5b0f1b493798eea6b42f","TWILIO_AUTH_TOKEN":"5a162f099c138fdbad2038ca314eacbb","TWILIO_PHONE_NUMBER":"+18146793741","MY_PHONE_NUMBER":"+13439993428","FIREBASE_CONFIG":"{\"projectId\":\"safari-text\",\"storageBucket\":\"safari-text.appspot.com\",\"locationId\":\"europe-west\"}","GCLOUD_PROJECT":"safari-text"},"runtime":"nodejs16","ingressSettings":"ALLOW_ALL","buildId":"bd2d83c3-0840-4526-844b-a3cdfd038a86","buildName":"projects/313850022911/locations/us-central1/builds/bd2d83c3-0840-4526-844b-a3cdfd038a86","dockerRegistry":"ARTIFACT_REGISTRY"},"versionId":"4","updateTime":"2022-09-16T05:00:11Z","buildId":"e73ac5cd-5b8a-466c-b7a8-e14f0ad46771","buildName":"projects/313850022911/locations/us-central1/builds/e73ac5cd-5b8a-466c-b7a8-e14f0ad46771"}}
[debug] [2022-09-16T05:00:16.971Z] [update-default-us-central1-addAccount] Retrying task index 0
[debug] [2022-09-16T05:00:16.972Z] >>> [apiv2][query] GET https://cloudfunctions.googleapis.com/v1/operations/c2FmYXJpLXRleHQvdXMtY2VudHJhbDEvYWRkQWNjb3VudC9PWG5ab1ZWSXo2MA [none]
[debug] [2022-09-16T05:00:17.263Z] <<< [apiv2][status] GET https://cloudfunctions.googleapis.com/v1/operations/c2FmYXJpLXRleHQvdXMtY2VudHJhbDEvYWRkQWNjb3VudC9PWG5ab1ZWSXo2MA 200
[debug] [2022-09-16T05:00:17.263Z] <<< [apiv2][body] GET https://cloudfunctions.googleapis.com/v1/operations/c2FmYXJpLXRleHQvdXMtY2VudHJhbDEvYWRkQWNjb3VudC9PWG5ab1ZWSXo2MA {"name":"operations/c2FmYXJpLXRleHQvdXMtY2VudHJhbDEvYWRkQWNjb3VudC9PWG5ab1ZWSXo2MA","metadata":{"@type":"type.googleapis.com/google.cloud.functions.v1.OperationMetadataV1","target":"projects/safari-text/locations/us-central1/functions/addAccount","type":"UPDATE_FUNCTION","request":{"@type":"type.googleapis.com/google.cloud.functions.v1.CloudFunction","name":"projects/safari-text/locations/us-central1/functions/addAccount","eventTrigger":{"eventType":"providers/cloud.firestore/eventTypes/document.create","resource":"projects/safari-text/databases/(default)/documents/accounts/{documentId}","service":"firestore.googleapis.com"},"status":"OFFLINE","entryPoint":"addAccount","timeout":"60s","availableMemoryMb":256,"serviceAccountEmail":"safari-text@appspot.gserviceaccount.com","updateTime":"2022-09-16T03:27:08.947Z","versionId":"3","labels":{"deployment-tool":"cli-firebase"},"sourceUploadUrl":"https://storage.googleapis.com/uploads-1074804142481.us-central1.cloudfunctions.appspot.com/0ab1e650-73d2-4fee-94fa-46a5ff766a3b.zip?GoogleAccessId=service-313850022911@gcf-admin-robot.iam.gserviceaccount.com&Expires=1663306202&Signature=I6xM1zC4JH8T6rDFR8q%2BthEQVavTrQ7q1VP4r%2FopTVFIlJvzzGTbFqNJHVjA4%2Fy%2FJE9d7qfIAbc1IVxtgw1wczWqDnnntXm%2ByCnNXzVrgwoO927Op1RHWpBxjaRUL2YK%2BJ5%2FSI5%2FzhENVZhzRqMNZIT%2FkFMavAvnDdJmI%2FZr0myaX8weWLrmhTA7ONniRsMKDPSxXIac%2BRKIFL8y2WRjGGgxBPjfFSdUMmvO1qn7aHxygdeJWr%2BHEy7ioNr9nPajuCsPK7LDC%2ByI8ND8liU%2FaxqqtxrmAWNyLBljXhusCAUboz10v7bj0P1oZZbreGxYHpcwUjcmSNtoeN5BU6c0Yw%3D%3D","environmentVariables":{"TWILIO_ACCOUNT_SID":"AC65015b2d59ae5b0f1b493798eea6b42f","TWILIO_AUTH_TOKEN":"5a162f099c138fdbad2038ca314eacbb","TWILIO_PHONE_NUMBER":"+18146793741","MY_PHONE_NUMBER":"+13439993428","FIREBASE_CONFIG":"{\"projectId\":\"safari-text\",\"storageBucket\":\"safari-text.appspot.com\",\"locationId\":\"europe-west\"}","GCLOUD_PROJECT":"safari-text"},"runtime":"nodejs16","ingressSettings":"ALLOW_ALL","buildId":"bd2d83c3-0840-4526-844b-a3cdfd038a86","buildName":"projects/313850022911/locations/us-central1/builds/bd2d83c3-0840-4526-844b-a3cdfd038a86","dockerRegistry":"ARTIFACT_REGISTRY"},"versionId":"4","updateTime":"2022-09-16T05:00:11Z","buildId":"e73ac5cd-5b8a-466c-b7a8-e14f0ad46771","buildName":"projects/313850022911/locations/us-central1/builds/e73ac5cd-5b8a-466c-b7a8-e14f0ad46771"}}
[debug] [2022-09-16T05:00:21.266Z] [update-default-us-central1-addAccount] Retrying task index 0
[debug] [2022-09-16T05:00:21.267Z] >>> [apiv2][query] GET https://cloudfunctions.googleapis.com/v1/operations/c2FmYXJpLXRleHQvdXMtY2VudHJhbDEvYWRkQWNjb3VudC9PWG5ab1ZWSXo2MA [none]
[debug] [2022-09-16T05:00:21.552Z] <<< [apiv2][status] GET https://cloudfunctions.googleapis.com/v1/operations/c2FmYXJpLXRleHQvdXMtY2VudHJhbDEvYWRkQWNjb3VudC9PWG5ab1ZWSXo2MA 200
[debug] [2022-09-16T05:00:21.552Z] <<< [apiv2][body] GET https://cloudfunctions.googleapis.com/v1/operations/c2FmYXJpLXRleHQvdXMtY2VudHJhbDEvYWRkQWNjb3VudC9PWG5ab1ZWSXo2MA {"name":"operations/c2FmYXJpLXRleHQvdXMtY2VudHJhbDEvYWRkQWNjb3VudC9PWG5ab1ZWSXo2MA","metadata":{"@type":"type.googleapis.com/google.cloud.functions.v1.OperationMetadataV1","target":"projects/safari-text/locations/us-central1/functions/addAccount","type":"UPDATE_FUNCTION","request":{"@type":"type.googleapis.com/google.cloud.functions.v1.CloudFunction","name":"projects/safari-text/locations/us-central1/functions/addAccount","eventTrigger":{"eventType":"providers/cloud.firestore/eventTypes/document.create","resource":"projects/safari-text/databases/(default)/documents/accounts/{documentId}","service":"firestore.googleapis.com"},"status":"OFFLINE","entryPoint":"addAccount","timeout":"60s","availableMemoryMb":256,"serviceAccountEmail":"safari-text@appspot.gserviceaccount.com","updateTime":"2022-09-16T03:27:08.947Z","versionId":"3","labels":{"deployment-tool":"cli-firebase"},"sourceUploadUrl":"https://storage.googleapis.com/uploads-1074804142481.us-central1.cloudfunctions.appspot.com/0ab1e650-73d2-4fee-94fa-46a5ff766a3b.zip?GoogleAccessId=service-313850022911@gcf-admin-robot.iam.gserviceaccount.com&Expires=1663306202&Signature=I6xM1zC4JH8T6rDFR8q%2BthEQVavTrQ7q1VP4r%2FopTVFIlJvzzGTbFqNJHVjA4%2Fy%2FJE9d7qfIAbc1IVxtgw1wczWqDnnntXm%2ByCnNXzVrgwoO927Op1RHWpBxjaRUL2YK%2BJ5%2FSI5%2FzhENVZhzRqMNZIT%2FkFMavAvnDdJmI%2FZr0myaX8weWLrmhTA7ONniRsMKDPSxXIac%2BRKIFL8y2WRjGGgxBPjfFSdUMmvO1qn7aHxygdeJWr%2BHEy7ioNr9nPajuCsPK7LDC%2ByI8ND8liU%2FaxqqtxrmAWNyLBljXhusCAUboz10v7bj0P1oZZbreGxYHpcwUjcmSNtoeN5BU6c0Yw%3D%3D","environmentVariables":{"TWILIO_ACCOUNT_SID":"AC65015b2d59ae5b0f1b493798eea6b42f","TWILIO_AUTH_TOKEN":"5a162f099c138fdbad2038ca314eacbb","TWILIO_PHONE_NUMBER":"+18146793741","MY_PHONE_NUMBER":"+13439993428","FIREBASE_CONFIG":"{\"projectId\":\"safari-text\",\"storageBucket\":\"safari-text.appspot.com\",\"locationId\":\"europe-west\"}","GCLOUD_PROJECT":"safari-text"},"runtime":"nodejs16","ingressSettings":"ALLOW_ALL","buildId":"bd2d83c3-0840-4526-844b-a3cdfd038a86","buildName":"projects/313850022911/locations/us-central1/builds/bd2d83c3-0840-4526-844b-a3cdfd038a86","dockerRegistry":"ARTIFACT_REGISTRY"},"versionId":"4","updateTime":"2022-09-16T05:00:11Z","buildId":"e73ac5cd-5b8a-466c-b7a8-e14f0ad46771","buildName":"projects/313850022911/locations/us-central1/builds/e73ac5cd-5b8a-466c-b7a8-e14f0ad46771"}}
[debug] [2022-09-16T05:00:29.555Z] [update-default-us-central1-addAccount] Retrying task index 0
[debug] [2022-09-16T05:00:29.556Z] >>> [apiv2][query] GET https://cloudfunctions.googleapis.com/v1/operations/c2FmYXJpLXRleHQvdXMtY2VudHJhbDEvYWRkQWNjb3VudC9PWG5ab1ZWSXo2MA [none]
[debug] [2022-09-16T05:00:29.998Z] <<< [apiv2][status] GET https://cloudfunctions.googleapis.com/v1/operations/c2FmYXJpLXRleHQvdXMtY2VudHJhbDEvYWRkQWNjb3VudC9PWG5ab1ZWSXo2MA 200
[debug] [2022-09-16T05:00:29.998Z] <<< [apiv2][body] GET https://cloudfunctions.googleapis.com/v1/operations/c2FmYXJpLXRleHQvdXMtY2VudHJhbDEvYWRkQWNjb3VudC9PWG5ab1ZWSXo2MA {"name":"operations/c2FmYXJpLXRleHQvdXMtY2VudHJhbDEvYWRkQWNjb3VudC9PWG5ab1ZWSXo2MA","metadata":{"@type":"type.googleapis.com/google.cloud.functions.v1.OperationMetadataV1","target":"projects/safari-text/locations/us-central1/functions/addAccount","type":"UPDATE_FUNCTION","request":{"@type":"type.googleapis.com/google.cloud.functions.v1.CloudFunction","name":"projects/safari-text/locations/us-central1/functions/addAccount","eventTrigger":{"eventType":"providers/cloud.firestore/eventTypes/document.create","resource":"projects/safari-text/databases/(default)/documents/accounts/{documentId}","service":"firestore.googleapis.com"},"status":"OFFLINE","entryPoint":"addAccount","timeout":"60s","availableMemoryMb":256,"serviceAccountEmail":"safari-text@appspot.gserviceaccount.com","updateTime":"2022-09-16T03:27:08.947Z","versionId":"3","labels":{"deployment-tool":"cli-firebase"},"sourceUploadUrl":"https://storage.googleapis.com/uploads-1074804142481.us-central1.cloudfunctions.appspot.com/0ab1e650-73d2-4fee-94fa-46a5ff766a3b.zip?GoogleAccessId=service-313850022911@gcf-admin-robot.iam.gserviceaccount.com&Expires=1663306202&Signature=I6xM1zC4JH8T6rDFR8q%2BthEQVavTrQ7q1VP4r%2FopTVFIlJvzzGTbFqNJHVjA4%2Fy%2FJE9d7qfIAbc1IVxtgw1wczWqDnnntXm%2ByCnNXzVrgwoO927Op1RHWpBxjaRUL2YK%2BJ5%2FSI5%2FzhENVZhzRqMNZIT%2FkFMavAvnDdJmI%2FZr0myaX8weWLrmhTA7ONniRsMKDPSxXIac%2BRKIFL8y2WRjGGgxBPjfFSdUMmvO1qn7aHxygdeJWr%2BHEy7ioNr9nPajuCsPK7LDC%2ByI8ND8liU%2FaxqqtxrmAWNyLBljXhusCAUboz10v7bj0P1oZZbreGxYHpcwUjcmSNtoeN5BU6c0Yw%3D%3D","environmentVariables":{"TWILIO_ACCOUNT_SID":"AC65015b2d59ae5b0f1b493798eea6b42f","TWILIO_AUTH_TOKEN":"5a162f099c138fdbad2038ca314eacbb","TWILIO_PHONE_NUMBER":"+18146793741","MY_PHONE_NUMBER":"+13439993428","FIREBASE_CONFIG":"{\"projectId\":\"safari-text\",\"storageBucket\":\"safari-text.appspot.com\",\"locationId\":\"europe-west\"}","GCLOUD_PROJECT":"safari-text"},"runtime":"nodejs16","ingressSettings":"ALLOW_ALL","buildId":"bd2d83c3-0840-4526-844b-a3cdfd038a86","buildName":"projects/313850022911/locations/us-central1/builds/bd2d83c3-0840-4526-844b-a3cdfd038a86","dockerRegistry":"ARTIFACT_REGISTRY"},"versionId":"4","updateTime":"2022-09-16T05:00:11Z","buildId":"e73ac5cd-5b8a-466c-b7a8-e14f0ad46771","buildName":"projects/313850022911/locations/us-central1/builds/e73ac5cd-5b8a-466c-b7a8-e14f0ad46771"}}
[debug] [2022-09-16T05:00:40.003Z] [update-default-us-central1-addAccount] Retrying task index 0
[debug] [2022-09-16T05:00:40.004Z] >>> [apiv2][query] GET https://cloudfunctions.googleapis.com/v1/operations/c2FmYXJpLXRleHQvdXMtY2VudHJhbDEvYWRkQWNjb3VudC9PWG5ab1ZWSXo2MA [none]
[debug] [2022-09-16T05:00:40.289Z] <<< [apiv2][status] GET https://cloudfunctions.googleapis.com/v1/operations/c2FmYXJpLXRleHQvdXMtY2VudHJhbDEvYWRkQWNjb3VudC9PWG5ab1ZWSXo2MA 200
[debug] [2022-09-16T05:00:40.289Z] <<< [apiv2][body] GET https://cloudfunctions.googleapis.com/v1/operations/c2FmYXJpLXRleHQvdXMtY2VudHJhbDEvYWRkQWNjb3VudC9PWG5ab1ZWSXo2MA {"name":"operations/c2FmYXJpLXRleHQvdXMtY2VudHJhbDEvYWRkQWNjb3VudC9PWG5ab1ZWSXo2MA","metadata":{"@type":"type.googleapis.com/google.cloud.functions.v1.OperationMetadataV1","target":"projects/safari-text/locations/us-central1/functions/addAccount","type":"UPDATE_FUNCTION","request":{"@type":"type.googleapis.com/google.cloud.functions.v1.CloudFunction","name":"projects/safari-text/locations/us-central1/functions/addAccount","eventTrigger":{"eventType":"providers/cloud.firestore/eventTypes/document.create","resource":"projects/safari-text/databases/(default)/documents/accounts/{documentId}","service":"firestore.googleapis.com"},"status":"OFFLINE","entryPoint":"addAccount","timeout":"60s","availableMemoryMb":256,"serviceAccountEmail":"safari-text@appspot.gserviceaccount.com","updateTime":"2022-09-16T03:27:08.947Z","versionId":"3","labels":{"deployment-tool":"cli-firebase"},"sourceUploadUrl":"https://storage.googleapis.com/uploads-1074804142481.us-central1.cloudfunctions.appspot.com/0ab1e650-73d2-4fee-94fa-46a5ff766a3b.zip?GoogleAccessId=service-313850022911@gcf-admin-robot.iam.gserviceaccount.com&Expires=1663306202&Signature=I6xM1zC4JH8T6rDFR8q%2BthEQVavTrQ7q1VP4r%2FopTVFIlJvzzGTbFqNJHVjA4%2Fy%2FJE9d7qfIAbc1IVxtgw1wczWqDnnntXm%2ByCnNXzVrgwoO927Op1RHWpBxjaRUL2YK%2BJ5%2FSI5%2FzhENVZhzRqMNZIT%2FkFMavAvnDdJmI%2FZr0myaX8weWLrmhTA7ONniRsMKDPSxXIac%2BRKIFL8y2WRjGGgxBPjfFSdUMmvO1qn7aHxygdeJWr%2BHEy7ioNr9nPajuCsPK7LDC%2ByI8ND8liU%2FaxqqtxrmAWNyLBljXhusCAUboz10v7bj0P1oZZbreGxYHpcwUjcmSNtoeN5BU6c0Yw%3D%3D","environmentVariables":{"TWILIO_ACCOUNT_SID":"AC65015b2d59ae5b0f1b493798eea6b42f","TWILIO_AUTH_TOKEN":"5a162f099c138fdbad2038ca314eacbb","TWILIO_PHONE_NUMBER":"+18146793741","MY_PHONE_NUMBER":"+13439993428","FIREBASE_CONFIG":"{\"projectId\":\"safari-text\",\"storageBucket\":\"safari-text.appspot.com\",\"locationId\":\"europe-west\"}","GCLOUD_PROJECT":"safari-text"},"runtime":"nodejs16","ingressSettings":"ALLOW_ALL","buildId":"bd2d83c3-0840-4526-844b-a3cdfd038a86","buildName":"projects/313850022911/locations/us-central1/builds/bd2d83c3-0840-4526-844b-a3cdfd038a86","dockerRegistry":"ARTIFACT_REGISTRY"},"versionId":"4","updateTime":"2022-09-16T05:00:11Z","buildId":"e73ac5cd-5b8a-466c-b7a8-e14f0ad46771","buildName":"projects/313850022911/locations/us-central1/builds/e73ac5cd-5b8a-466c-b7a8-e14f0ad46771"}}
[debug] [2022-09-16T05:00:50.296Z] [update-default-us-central1-addAccount] Retrying task index 0
[debug] [2022-09-16T05:00:50.298Z] >>> [apiv2][query] GET https://cloudfunctions.googleapis.com/v1/operations/c2FmYXJpLXRleHQvdXMtY2VudHJhbDEvYWRkQWNjb3VudC9PWG5ab1ZWSXo2MA [none]
[debug] [2022-09-16T05:00:50.575Z] <<< [apiv2][status] GET https://cloudfunctions.googleapis.com/v1/operations/c2FmYXJpLXRleHQvdXMtY2VudHJhbDEvYWRkQWNjb3VudC9PWG5ab1ZWSXo2MA 200
[debug] [2022-09-16T05:00:50.575Z] <<< [apiv2][body] GET https://cloudfunctions.googleapis.com/v1/operations/c2FmYXJpLXRleHQvdXMtY2VudHJhbDEvYWRkQWNjb3VudC9PWG5ab1ZWSXo2MA {"name":"operations/c2FmYXJpLXRleHQvdXMtY2VudHJhbDEvYWRkQWNjb3VudC9PWG5ab1ZWSXo2MA","metadata":{"@type":"type.googleapis.com/google.cloud.functions.v1.OperationMetadataV1","target":"projects/safari-text/locations/us-central1/functions/addAccount","type":"UPDATE_FUNCTION","request":{"@type":"type.googleapis.com/google.cloud.functions.v1.CloudFunction","name":"projects/safari-text/locations/us-central1/functions/addAccount","eventTrigger":{"eventType":"providers/cloud.firestore/eventTypes/document.create","resource":"projects/safari-text/databases/(default)/documents/accounts/{documentId}","service":"firestore.googleapis.com"},"status":"OFFLINE","entryPoint":"addAccount","timeout":"60s","availableMemoryMb":256,"serviceAccountEmail":"safari-text@appspot.gserviceaccount.com","updateTime":"2022-09-16T03:27:08.947Z","versionId":"3","labels":{"deployment-tool":"cli-firebase"},"sourceUploadUrl":"https://storage.googleapis.com/uploads-1074804142481.us-central1.cloudfunctions.appspot.com/0ab1e650-73d2-4fee-94fa-46a5ff766a3b.zip?GoogleAccessId=service-313850022911@gcf-admin-robot.iam.gserviceaccount.com&Expires=1663306202&Signature=I6xM1zC4JH8T6rDFR8q%2BthEQVavTrQ7q1VP4r%2FopTVFIlJvzzGTbFqNJHVjA4%2Fy%2FJE9d7qfIAbc1IVxtgw1wczWqDnnntXm%2ByCnNXzVrgwoO927Op1RHWpBxjaRUL2YK%2BJ5%2FSI5%2FzhENVZhzRqMNZIT%2FkFMavAvnDdJmI%2FZr0myaX8weWLrmhTA7ONniRsMKDPSxXIac%2BRKIFL8y2WRjGGgxBPjfFSdUMmvO1qn7aHxygdeJWr%2BHEy7ioNr9nPajuCsPK7LDC%2ByI8ND8liU%2FaxqqtxrmAWNyLBljXhusCAUboz10v7bj0P1oZZbreGxYHpcwUjcmSNtoeN5BU6c0Yw%3D%3D","environmentVariables":{"TWILIO_ACCOUNT_SID":"AC65015b2d59ae5b0f1b493798eea6b42f","TWILIO_AUTH_TOKEN":"5a162f099c138fdbad2038ca314eacbb","TWILIO_PHONE_NUMBER":"+18146793741","MY_PHONE_NUMBER":"+13439993428","FIREBASE_CONFIG":"{\"projectId\":\"safari-text\",\"storageBucket\":\"safari-text.appspot.com\",\"locationId\":\"europe-west\"}","GCLOUD_PROJECT":"safari-text"},"runtime":"nodejs16","ingressSettings":"ALLOW_ALL","buildId":"bd2d83c3-0840-4526-844b-a3cdfd038a86","buildName":"projects/313850022911/locations/us-central1/builds/bd2d83c3-0840-4526-844b-a3cdfd038a86","dockerRegistry":"ARTIFACT_REGISTRY"},"versionId":"4","updateTime":"2022-09-16T05:00:11Z","buildId":"e73ac5cd-5b8a-466c-b7a8-e14f0ad46771","buildName":"projects/313850022911/locations/us-central1/builds/e73ac5cd-5b8a-466c-b7a8-e14f0ad46771"}}
[debug] [2022-09-16T05:01:00.587Z] [update-default-us-central1-addAccount] Retrying task index 0
[debug] [2022-09-16T05:01:00.587Z] >>> [apiv2][query] GET https://cloudfunctions.googleapis.com/v1/operations/c2FmYXJpLXRleHQvdXMtY2VudHJhbDEvYWRkQWNjb3VudC9PWG5ab1ZWSXo2MA [none]
[debug] [2022-09-16T05:01:00.835Z] <<< [apiv2][status] GET https://cloudfunctions.googleapis.com/v1/operations/c2FmYXJpLXRleHQvdXMtY2VudHJhbDEvYWRkQWNjb3VudC9PWG5ab1ZWSXo2MA 200
[debug] [2022-09-16T05:01:00.836Z] <<< [apiv2][body] GET https://cloudfunctions.googleapis.com/v1/operations/c2FmYXJpLXRleHQvdXMtY2VudHJhbDEvYWRkQWNjb3VudC9PWG5ab1ZWSXo2MA {"name":"operations/c2FmYXJpLXRleHQvdXMtY2VudHJhbDEvYWRkQWNjb3VudC9PWG5ab1ZWSXo2MA","metadata":{"@type":"type.googleapis.com/google.cloud.functions.v1.OperationMetadataV1","target":"projects/safari-text/locations/us-central1/functions/addAccount","type":"UPDATE_FUNCTION","request":{"@type":"type.googleapis.com/google.cloud.functions.v1.CloudFunction","name":"projects/safari-text/locations/us-central1/functions/addAccount","eventTrigger":{"eventType":"providers/cloud.firestore/eventTypes/document.create","resource":"projects/safari-text/databases/(default)/documents/accounts/{documentId}","service":"firestore.googleapis.com"},"status":"OFFLINE","entryPoint":"addAccount","timeout":"60s","availableMemoryMb":256,"serviceAccountEmail":"safari-text@appspot.gserviceaccount.com","updateTime":"2022-09-16T03:27:08.947Z","versionId":"3","labels":{"deployment-tool":"cli-firebase"},"sourceUploadUrl":"https://storage.googleapis.com/uploads-1074804142481.us-central1.cloudfunctions.appspot.com/0ab1e650-73d2-4fee-94fa-46a5ff766a3b.zip?GoogleAccessId=service-313850022911@gcf-admin-robot.iam.gserviceaccount.com&Expires=1663306202&Signature=I6xM1zC4JH8T6rDFR8q%2BthEQVavTrQ7q1VP4r%2FopTVFIlJvzzGTbFqNJHVjA4%2Fy%2FJE9d7qfIAbc1IVxtgw1wczWqDnnntXm%2ByCnNXzVrgwoO927Op1RHWpBxjaRUL2YK%2BJ5%2FSI5%2FzhENVZhzRqMNZIT%2FkFMavAvnDdJmI%2FZr0myaX8weWLrmhTA7ONniRsMKDPSxXIac%2BRKIFL8y2WRjGGgxBPjfFSdUMmvO1qn7aHxygdeJWr%2BHEy7ioNr9nPajuCsPK7LDC%2ByI8ND8liU%2FaxqqtxrmAWNyLBljXhusCAUboz10v7bj0P1oZZbreGxYHpcwUjcmSNtoeN5BU6c0Yw%3D%3D","environmentVariables":{"TWILIO_ACCOUNT_SID":"AC65015b2d59ae5b0f1b493798eea6b42f","TWILIO_AUTH_TOKEN":"5a162f099c138fdbad2038ca314eacbb","TWILIO_PHONE_NUMBER":"+18146793741","MY_PHONE_NUMBER":"+13439993428","FIREBASE_CONFIG":"{\"projectId\":\"safari-text\",\"storageBucket\":\"safari-text.appspot.com\",\"locationId\":\"europe-west\"}","GCLOUD_PROJECT":"safari-text"},"runtime":"nodejs16","ingressSettings":"ALLOW_ALL","buildId":"bd2d83c3-0840-4526-844b-a3cdfd038a86","buildName":"projects/313850022911/locations/us-central1/builds/bd2d83c3-0840-4526-844b-a3cdfd038a86","dockerRegistry":"ARTIFACT_REGISTRY"},"versionId":"4","updateTime":"2022-09-16T05:00:11Z","buildId":"e73ac5cd-5b8a-466c-b7a8-e14f0ad46771","buildName":"projects/313850022911/locations/us-central1/builds/e73ac5cd-5b8a-466c-b7a8-e14f0ad46771"}}
[debug] [2022-09-16T05:01:10.846Z] [update-default-us-central1-addAccount] Retrying task index 0
[debug] [2022-09-16T05:01:10.847Z] >>> [apiv2][query] GET https://cloudfunctions.googleapis.com/v1/operations/c2FmYXJpLXRleHQvdXMtY2VudHJhbDEvYWRkQWNjb3VudC9PWG5ab1ZWSXo2MA [none]
[debug] [2022-09-16T05:01:11.288Z] <<< [apiv2][status] GET https://cloudfunctions.googleapis.com/v1/operations/c2FmYXJpLXRleHQvdXMtY2VudHJhbDEvYWRkQWNjb3VudC9PWG5ab1ZWSXo2MA 200
[debug] [2022-09-16T05:01:11.288Z] <<< [apiv2][body] GET https://cloudfunctions.googleapis.com/v1/operations/c2FmYXJpLXRleHQvdXMtY2VudHJhbDEvYWRkQWNjb3VudC9PWG5ab1ZWSXo2MA {"name":"operations/c2FmYXJpLXRleHQvdXMtY2VudHJhbDEvYWRkQWNjb3VudC9PWG5ab1ZWSXo2MA","metadata":{"@type":"type.googleapis.com/google.cloud.functions.v1.OperationMetadataV1","target":"projects/safari-text/locations/us-central1/functions/addAccount","type":"UPDATE_FUNCTION","request":{"@type":"type.googleapis.com/google.cloud.functions.v1.CloudFunction","name":"projects/safari-text/locations/us-central1/functions/addAccount","eventTrigger":{"eventType":"providers/cloud.firestore/eventTypes/document.create","resource":"projects/safari-text/databases/(default)/documents/accounts/{documentId}","service":"firestore.googleapis.com"},"status":"OFFLINE","entryPoint":"addAccount","timeout":"60s","availableMemoryMb":256,"serviceAccountEmail":"safari-text@appspot.gserviceaccount.com","updateTime":"2022-09-16T03:27:08.947Z","versionId":"3","labels":{"deployment-tool":"cli-firebase"},"sourceUploadUrl":"https://storage.googleapis.com/uploads-1074804142481.us-central1.cloudfunctions.appspot.com/0ab1e650-73d2-4fee-94fa-46a5ff766a3b.zip?GoogleAccessId=service-313850022911@gcf-admin-robot.iam.gserviceaccount.com&Expires=1663306202&Signature=I6xM1zC4JH8T6rDFR8q%2BthEQVavTrQ7q1VP4r%2FopTVFIlJvzzGTbFqNJHVjA4%2Fy%2FJE9d7qfIAbc1IVxtgw1wczWqDnnntXm%2ByCnNXzVrgwoO927Op1RHWpBxjaRUL2YK%2BJ5%2FSI5%2FzhENVZhzRqMNZIT%2FkFMavAvnDdJmI%2FZr0myaX8weWLrmhTA7ONniRsMKDPSxXIac%2BRKIFL8y2WRjGGgxBPjfFSdUMmvO1qn7aHxygdeJWr%2BHEy7ioNr9nPajuCsPK7LDC%2ByI8ND8liU%2FaxqqtxrmAWNyLBljXhusCAUboz10v7bj0P1oZZbreGxYHpcwUjcmSNtoeN5BU6c0Yw%3D%3D","environmentVariables":{"TWILIO_ACCOUNT_SID":"AC65015b2d59ae5b0f1b493798eea6b42f","TWILIO_AUTH_TOKEN":"5a162f099c138fdbad2038ca314eacbb","TWILIO_PHONE_NUMBER":"+18146793741","MY_PHONE_NUMBER":"+13439993428","FIREBASE_CONFIG":"{\"projectId\":\"safari-text\",\"storageBucket\":\"safari-text.appspot.com\",\"locationId\":\"europe-west\"}","GCLOUD_PROJECT":"safari-text"},"runtime":"nodejs16","ingressSettings":"ALLOW_ALL","buildId":"bd2d83c3-0840-4526-844b-a3cdfd038a86","buildName":"projects/313850022911/locations/us-central1/builds/bd2d83c3-0840-4526-844b-a3cdfd038a86","dockerRegistry":"ARTIFACT_REGISTRY"},"versionId":"4","updateTime":"2022-09-16T05:00:11Z","buildId":"e73ac5cd-5b8a-466c-b7a8-e14f0ad46771","sourceToken":"7fe20e50-8692-4934-9201-a3f0e31bacb8","buildName":"projects/313850022911/locations/us-central1/builds/e73ac5cd-5b8a-466c-b7a8-e14f0ad46771"}}
[debug] [2022-09-16T05:01:11.288Z] Got source token 7fe20e50-8692-4934-9201-a3f0e31bacb8 for region us-central1
[debug] [2022-09-16T05:01:11.289Z] >>> [apiv2][query] PATCH https://cloudfunctions.googleapis.com/v1/projects/safari-text/locations/us-central1/functions/inboundSMS updateMask=name%2CsourceUploadUrl%2CentryPoint%2Cruntime%2CdockerRegistry%2Clabels%2ChttpsTrigger.securityLevel%2CenvironmentVariables%2CavailableMemoryMb%2CsourceToken
[debug] [2022-09-16T05:01:11.289Z] >>> [apiv2][body] PATCH https://cloudfunctions.googleapis.com/v1/projects/safari-text/locations/us-central1/functions/inboundSMS {"name":"projects/safari-text/locations/us-central1/functions/inboundSMS","sourceUploadUrl":"https://storage.googleapis.com/uploads-1074804142481.us-central1.cloudfunctions.appspot.com/0ab1e650-73d2-4fee-94fa-46a5ff766a3b.zip?GoogleAccessId=service-313850022911@gcf-admin-robot.iam.gserviceaccount.com&Expires=1663306202&Signature=I6xM1zC4JH8T6rDFR8q%2BthEQVavTrQ7q1VP4r%2FopTVFIlJvzzGTbFqNJHVjA4%2Fy%2FJE9d7qfIAbc1IVxtgw1wczWqDnnntXm%2ByCnNXzVrgwoO927Op1RHWpBxjaRUL2YK%2BJ5%2FSI5%2FzhENVZhzRqMNZIT%2FkFMavAvnDdJmI%2FZr0myaX8weWLrmhTA7ONniRsMKDPSxXIac%2BRKIFL8y2WRjGGgxBPjfFSdUMmvO1qn7aHxygdeJWr%2BHEy7ioNr9nPajuCsPK7LDC%2ByI8ND8liU%2FaxqqtxrmAWNyLBljXhusCAUboz10v7bj0P1oZZbreGxYHpcwUjcmSNtoeN5BU6c0Yw%3D%3D","entryPoint":"inboundSMS","runtime":"nodejs16","dockerRegistry":"ARTIFACT_REGISTRY","labels":{"deployment-tool":"cli-firebase"},"httpsTrigger":{"securityLevel":"SECURE_ALWAYS"},"environmentVariables":{"TWILIO_ACCOUNT_SID":"AC65015b2d59ae5b0f1b493798eea6b42f","TWILIO_AUTH_TOKEN":"5a162f099c138fdbad2038ca314eacbb","TWILIO_PHONE_NUMBER":"+18146793741","MY_PHONE_NUMBER":"+13439993428","FIREBASE_CONFIG":"{\"projectId\":\"safari-text\",\"storageBucket\":\"safari-text.appspot.com\",\"locationId\":\"europe-west\"}","GCLOUD_PROJECT":"safari-text"},"availableMemoryMb":256,"sourceToken":"7fe20e50-8692-4934-9201-a3f0e31bacb8"}
[debug] [2022-09-16T05:01:11.962Z] <<< [apiv2][status] PATCH https://cloudfunctions.googleapis.com/v1/projects/safari-text/locations/us-central1/functions/inboundSMS 200
[debug] [2022-09-16T05:01:11.962Z] <<< [apiv2][body] PATCH https://cloudfunctions.googleapis.com/v1/projects/safari-text/locations/us-central1/functions/inboundSMS {"name":"operations/c2FmYXJpLXRleHQvdXMtY2VudHJhbDEvaW5ib3VuZFNNUy9GNHVZbXZzN1oxUQ","metadata":{"@type":"type.googleapis.com/google.cloud.functions.v1.OperationMetadataV1","target":"projects/safari-text/locations/us-central1/functions/inboundSMS","type":"UPDATE_FUNCTION","request":{"@type":"type.googleapis.com/google.cloud.functions.v1.CloudFunction","name":"projects/safari-text/locations/us-central1/functions/inboundSMS","httpsTrigger":{"url":"https://us-central1-safari-text.cloudfunctions.net/inboundSMS","securityLevel":"SECURE_ALWAYS"},"status":"OFFLINE","entryPoint":"inboundSMS","timeout":"60s","availableMemoryMb":256,"serviceAccountEmail":"safari-text@appspot.gserviceaccount.com","updateTime":"2022-09-16T03:27:54.621Z","versionId":"3","labels":{"deployment-tool":"cli-firebase"},"sourceUploadUrl":"https://storage.googleapis.com/uploads-1074804142481.us-central1.cloudfunctions.appspot.com/0ab1e650-73d2-4fee-94fa-46a5ff766a3b.zip?GoogleAccessId=service-313850022911@gcf-admin-robot.iam.gserviceaccount.com&Expires=1663306202&Signature=I6xM1zC4JH8T6rDFR8q%2BthEQVavTrQ7q1VP4r%2FopTVFIlJvzzGTbFqNJHVjA4%2Fy%2FJE9d7qfIAbc1IVxtgw1wczWqDnnntXm%2ByCnNXzVrgwoO927Op1RHWpBxjaRUL2YK%2BJ5%2FSI5%2FzhENVZhzRqMNZIT%2FkFMavAvnDdJmI%2FZr0myaX8weWLrmhTA7ONniRsMKDPSxXIac%2BRKIFL8y2WRjGGgxBPjfFSdUMmvO1qn7aHxygdeJWr%2BHEy7ioNr9nPajuCsPK7LDC%2ByI8ND8liU%2FaxqqtxrmAWNyLBljXhusCAUboz10v7bj0P1oZZbreGxYHpcwUjcmSNtoeN5BU6c0Yw%3D%3D","environmentVariables":{"TWILIO_ACCOUNT_SID":"AC65015b2d59ae5b0f1b493798eea6b42f","TWILIO_AUTH_TOKEN":"5a162f099c138fdbad2038ca314eacbb","TWILIO_PHONE_NUMBER":"+18146793741","MY_PHONE_NUMBER":"+13439993428","FIREBASE_CONFIG":"{\"projectId\":\"safari-text\",\"storageBucket\":\"safari-text.appspot.com\",\"locationId\":\"europe-west\"}","GCLOUD_PROJECT":"safari-text"},"runtime":"nodejs16","ingressSettings":"ALLOW_ALL","buildId":"bd2d83c3-0840-4526-844b-a3cdfd038a86","sourceToken":"7fe20e50-8692-4934-9201-a3f0e31bacb8","buildName":"projects/313850022911/locations/us-central1/builds/bd2d83c3-0840-4526-844b-a3cdfd038a86","dockerRegistry":"ARTIFACT_REGISTRY"},"versionId":"4","updateTime":"2022-09-16T05:01:11Z","sourceToken":"7fe20e50-8692-4934-9201-a3f0e31bacb8"}}
[debug] [2022-09-16T05:01:11.962Z] >>> [apiv2][query] GET https://cloudfunctions.googleapis.com/v1/operations/c2FmYXJpLXRleHQvdXMtY2VudHJhbDEvaW5ib3VuZFNNUy9GNHVZbXZzN1oxUQ [none]
[debug] [2022-09-16T05:01:12.290Z] <<< [apiv2][status] GET https://cloudfunctions.googleapis.com/v1/operations/c2FmYXJpLXRleHQvdXMtY2VudHJhbDEvaW5ib3VuZFNNUy9GNHVZbXZzN1oxUQ 200
[debug] [2022-09-16T05:01:12.290Z] <<< [apiv2][body] GET https://cloudfunctions.googleapis.com/v1/operations/c2FmYXJpLXRleHQvdXMtY2VudHJhbDEvaW5ib3VuZFNNUy9GNHVZbXZzN1oxUQ {"name":"operations/c2FmYXJpLXRleHQvdXMtY2VudHJhbDEvaW5ib3VuZFNNUy9GNHVZbXZzN1oxUQ","metadata":{"@type":"type.googleapis.com/google.cloud.functions.v1.OperationMetadataV1","target":"projects/safari-text/locations/us-central1/functions/inboundSMS","type":"UPDATE_FUNCTION","request":{"@type":"type.googleapis.com/google.cloud.functions.v1.CloudFunction","name":"projects/safari-text/locations/us-central1/functions/inboundSMS","httpsTrigger":{"url":"https://us-central1-safari-text.cloudfunctions.net/inboundSMS","securityLevel":"SECURE_ALWAYS"},"status":"OFFLINE","entryPoint":"inboundSMS","timeout":"60s","availableMemoryMb":256,"serviceAccountEmail":"safari-text@appspot.gserviceaccount.com","updateTime":"2022-09-16T03:27:54.621Z","versionId":"3","labels":{"deployment-tool":"cli-firebase"},"sourceUploadUrl":"https://storage.googleapis.com/uploads-1074804142481.us-central1.cloudfunctions.appspot.com/0ab1e650-73d2-4fee-94fa-46a5ff766a3b.zip?GoogleAccessId=service-313850022911@gcf-admin-robot.iam.gserviceaccount.com&Expires=1663306202&Signature=I6xM1zC4JH8T6rDFR8q%2BthEQVavTrQ7q1VP4r%2FopTVFIlJvzzGTbFqNJHVjA4%2Fy%2FJE9d7qfIAbc1IVxtgw1wczWqDnnntXm%2ByCnNXzVrgwoO927Op1RHWpBxjaRUL2YK%2BJ5%2FSI5%2FzhENVZhzRqMNZIT%2FkFMavAvnDdJmI%2FZr0myaX8weWLrmhTA7ONniRsMKDPSxXIac%2BRKIFL8y2WRjGGgxBPjfFSdUMmvO1qn7aHxygdeJWr%2BHEy7ioNr9nPajuCsPK7LDC%2ByI8ND8liU%2FaxqqtxrmAWNyLBljXhusCAUboz10v7bj0P1oZZbreGxYHpcwUjcmSNtoeN5BU6c0Yw%3D%3D","environmentVariables":{"TWILIO_ACCOUNT_SID":"AC65015b2d59ae5b0f1b493798eea6b42f","TWILIO_AUTH_TOKEN":"5a162f099c138fdbad2038ca314eacbb","TWILIO_PHONE_NUMBER":"+18146793741","MY_PHONE_NUMBER":"+13439993428","FIREBASE_CONFIG":"{\"projectId\":\"safari-text\",\"storageBucket\":\"safari-text.appspot.com\",\"locationId\":\"europe-west\"}","GCLOUD_PROJECT":"safari-text"},"runtime":"nodejs16","ingressSettings":"ALLOW_ALL","buildId":"bd2d83c3-0840-4526-844b-a3cdfd038a86","sourceToken":"7fe20e50-8692-4934-9201-a3f0e31bacb8","buildName":"projects/313850022911/locations/us-central1/builds/bd2d83c3-0840-4526-844b-a3cdfd038a86","dockerRegistry":"ARTIFACT_REGISTRY"},"versionId":"4","updateTime":"2022-09-16T05:01:11Z","sourceToken":"7fe20e50-8692-4934-9201-a3f0e31bacb8"}}
[debug] [2022-09-16T05:01:12.290Z] Got source token 7fe20e50-8692-4934-9201-a3f0e31bacb8 for region us-central1
[debug] [2022-09-16T05:01:12.792Z] [update-default-us-central1-inboundSMS] Retrying task index 0
[debug] [2022-09-16T05:01:12.793Z] >>> [apiv2][query] GET https://cloudfunctions.googleapis.com/v1/operations/c2FmYXJpLXRleHQvdXMtY2VudHJhbDEvaW5ib3VuZFNNUy9GNHVZbXZzN1oxUQ [none]
[debug] [2022-09-16T05:01:13.060Z] <<< [apiv2][status] GET https://cloudfunctions.googleapis.com/v1/operations/c2FmYXJpLXRleHQvdXMtY2VudHJhbDEvaW5ib3VuZFNNUy9GNHVZbXZzN1oxUQ 200
[debug] [2022-09-16T05:01:13.061Z] <<< [apiv2][body] GET https://cloudfunctions.googleapis.com/v1/operations/c2FmYXJpLXRleHQvdXMtY2VudHJhbDEvaW5ib3VuZFNNUy9GNHVZbXZzN1oxUQ {"name":"operations/c2FmYXJpLXRleHQvdXMtY2VudHJhbDEvaW5ib3VuZFNNUy9GNHVZbXZzN1oxUQ","metadata":{"@type":"type.googleapis.com/google.cloud.functions.v1.OperationMetadataV1","target":"projects/safari-text/locations/us-central1/functions/inboundSMS","type":"UPDATE_FUNCTION","request":{"@type":"type.googleapis.com/google.cloud.functions.v1.CloudFunction","name":"projects/safari-text/locations/us-central1/functions/inboundSMS","httpsTrigger":{"url":"https://us-central1-safari-text.cloudfunctions.net/inboundSMS","securityLevel":"SECURE_ALWAYS"},"status":"OFFLINE","entryPoint":"inboundSMS","timeout":"60s","availableMemoryMb":256,"serviceAccountEmail":"safari-text@appspot.gserviceaccount.com","updateTime":"2022-09-16T03:27:54.621Z","versionId":"3","labels":{"deployment-tool":"cli-firebase"},"sourceUploadUrl":"https://storage.googleapis.com/uploads-1074804142481.us-central1.cloudfunctions.appspot.com/0ab1e650-73d2-4fee-94fa-46a5ff766a3b.zip?GoogleAccessId=service-313850022911@gcf-admin-robot.iam.gserviceaccount.com&Expires=1663306202&Signature=I6xM1zC4JH8T6rDFR8q%2BthEQVavTrQ7q1VP4r%2FopTVFIlJvzzGTbFqNJHVjA4%2Fy%2FJE9d7qfIAbc1IVxtgw1wczWqDnnntXm%2ByCnNXzVrgwoO927Op1RHWpBxjaRUL2YK%2BJ5%2FSI5%2FzhENVZhzRqMNZIT%2FkFMavAvnDdJmI%2FZr0myaX8weWLrmhTA7ONniRsMKDPSxXIac%2BRKIFL8y2WRjGGgxBPjfFSdUMmvO1qn7aHxygdeJWr%2BHEy7ioNr9nPajuCsPK7LDC%2ByI8ND8liU%2FaxqqtxrmAWNyLBljXhusCAUboz10v7bj0P1oZZbreGxYHpcwUjcmSNtoeN5BU6c0Yw%3D%3D","environmentVariables":{"TWILIO_ACCOUNT_SID":"AC65015b2d59ae5b0f1b493798eea6b42f","TWILIO_AUTH_TOKEN":"5a162f099c138fdbad2038ca314eacbb","TWILIO_PHONE_NUMBER":"+18146793741","MY_PHONE_NUMBER":"+13439993428","FIREBASE_CONFIG":"{\"projectId\":\"safari-text\",\"storageBucket\":\"safari-text.appspot.com\",\"locationId\":\"europe-west\"}","GCLOUD_PROJECT":"safari-text"},"runtime":"nodejs16","ingressSettings":"ALLOW_ALL","buildId":"bd2d83c3-0840-4526-844b-a3cdfd038a86","sourceToken":"7fe20e50-8692-4934-9201-a3f0e31bacb8","buildName":"projects/313850022911/locations/us-central1/builds/bd2d83c3-0840-4526-844b-a3cdfd038a86","dockerRegistry":"ARTIFACT_REGISTRY"},"versionId":"4","updateTime":"2022-09-16T05:01:11Z","sourceToken":"7fe20e50-8692-4934-9201-a3f0e31bacb8"}}
[debug] [2022-09-16T05:01:13.062Z] Got source token 7fe20e50-8692-4934-9201-a3f0e31bacb8 for region us-central1
[debug] [2022-09-16T05:01:14.063Z] [update-default-us-central1-inboundSMS] Retrying task index 0
[debug] [2022-09-16T05:01:14.064Z] >>> [apiv2][query] GET https://cloudfunctions.googleapis.com/v1/operations/c2FmYXJpLXRleHQvdXMtY2VudHJhbDEvaW5ib3VuZFNNUy9GNHVZbXZzN1oxUQ [none]
[debug] [2022-09-16T05:01:14.336Z] <<< [apiv2][status] GET https://cloudfunctions.googleapis.com/v1/operations/c2FmYXJpLXRleHQvdXMtY2VudHJhbDEvaW5ib3VuZFNNUy9GNHVZbXZzN1oxUQ 200
[debug] [2022-09-16T05:01:14.336Z] <<< [apiv2][body] GET https://cloudfunctions.googleapis.com/v1/operations/c2FmYXJpLXRleHQvdXMtY2VudHJhbDEvaW5ib3VuZFNNUy9GNHVZbXZzN1oxUQ {"name":"operations/c2FmYXJpLXRleHQvdXMtY2VudHJhbDEvaW5ib3VuZFNNUy9GNHVZbXZzN1oxUQ","metadata":{"@type":"type.googleapis.com/google.cloud.functions.v1.OperationMetadataV1","target":"projects/safari-text/locations/us-central1/functions/inboundSMS","type":"UPDATE_FUNCTION","request":{"@type":"type.googleapis.com/google.cloud.functions.v1.CloudFunction","name":"projects/safari-text/locations/us-central1/functions/inboundSMS","httpsTrigger":{"url":"https://us-central1-safari-text.cloudfunctions.net/inboundSMS","securityLevel":"SECURE_ALWAYS"},"status":"OFFLINE","entryPoint":"inboundSMS","timeout":"60s","availableMemoryMb":256,"serviceAccountEmail":"safari-text@appspot.gserviceaccount.com","updateTime":"2022-09-16T03:27:54.621Z","versionId":"3","labels":{"deployment-tool":"cli-firebase"},"sourceUploadUrl":"https://storage.googleapis.com/uploads-1074804142481.us-central1.cloudfunctions.appspot.com/0ab1e650-73d2-4fee-94fa-46a5ff766a3b.zip?GoogleAccessId=service-313850022911@gcf-admin-robot.iam.gserviceaccount.com&Expires=1663306202&Signature=I6xM1zC4JH8T6rDFR8q%2BthEQVavTrQ7q1VP4r%2FopTVFIlJvzzGTbFqNJHVjA4%2Fy%2FJE9d7qfIAbc1IVxtgw1wczWqDnnntXm%2ByCnNXzVrgwoO927Op1RHWpBxjaRUL2YK%2BJ5%2FSI5%2FzhENVZhzRqMNZIT%2FkFMavAvnDdJmI%2FZr0myaX8weWLrmhTA7ONniRsMKDPSxXIac%2BRKIFL8y2WRjGGgxBPjfFSdUMmvO1qn7aHxygdeJWr%2BHEy7ioNr9nPajuCsPK7LDC%2ByI8ND8liU%2FaxqqtxrmAWNyLBljXhusCAUboz10v7bj0P1oZZbreGxYHpcwUjcmSNtoeN5BU6c0Yw%3D%3D","environmentVariables":{"TWILIO_ACCOUNT_SID":"AC65015b2d59ae5b0f1b493798eea6b42f","TWILIO_AUTH_TOKEN":"5a162f099c138fdbad2038ca314eacbb","TWILIO_PHONE_NUMBER":"+18146793741","MY_PHONE_NUMBER":"+13439993428","FIREBASE_CONFIG":"{\"projectId\":\"safari-text\",\"storageBucket\":\"safari-text.appspot.com\",\"locationId\":\"europe-west\"}","GCLOUD_PROJECT":"safari-text"},"runtime":"nodejs16","ingressSettings":"ALLOW_ALL","buildId":"bd2d83c3-0840-4526-844b-a3cdfd038a86","sourceToken":"7fe20e50-8692-4934-9201-a3f0e31bacb8","buildName":"projects/313850022911/locations/us-central1/builds/bd2d83c3-0840-4526-844b-a3cdfd038a86","dockerRegistry":"ARTIFACT_REGISTRY"},"versionId":"4","updateTime":"2022-09-16T05:01:11Z","sourceToken":"7fe20e50-8692-4934-9201-a3f0e31bacb8"}}
[debug] [2022-09-16T05:01:14.336Z] Got source token 7fe20e50-8692-4934-9201-a3f0e31bacb8 for region us-central1
[debug] [2022-09-16T05:01:16.339Z] [update-default-us-central1-inboundSMS] Retrying task index 0
[debug] [2022-09-16T05:01:16.339Z] >>> [apiv2][query] GET https://cloudfunctions.googleapis.com/v1/operations/c2FmYXJpLXRleHQvdXMtY2VudHJhbDEvaW5ib3VuZFNNUy9GNHVZbXZzN1oxUQ [none]
[debug] [2022-09-16T05:01:16.611Z] <<< [apiv2][status] GET https://cloudfunctions.googleapis.com/v1/operations/c2FmYXJpLXRleHQvdXMtY2VudHJhbDEvaW5ib3VuZFNNUy9GNHVZbXZzN1oxUQ 200
[debug] [2022-09-16T05:01:16.612Z] <<< [apiv2][body] GET https://cloudfunctions.googleapis.com/v1/operations/c2FmYXJpLXRleHQvdXMtY2VudHJhbDEvaW5ib3VuZFNNUy9GNHVZbXZzN1oxUQ {"name":"operations/c2FmYXJpLXRleHQvdXMtY2VudHJhbDEvaW5ib3VuZFNNUy9GNHVZbXZzN1oxUQ","metadata":{"@type":"type.googleapis.com/google.cloud.functions.v1.OperationMetadataV1","target":"projects/safari-text/locations/us-central1/functions/inboundSMS","type":"UPDATE_FUNCTION","request":{"@type":"type.googleapis.com/google.cloud.functions.v1.CloudFunction","name":"projects/safari-text/locations/us-central1/functions/inboundSMS","httpsTrigger":{"url":"https://us-central1-safari-text.cloudfunctions.net/inboundSMS","securityLevel":"SECURE_ALWAYS"},"status":"OFFLINE","entryPoint":"inboundSMS","timeout":"60s","availableMemoryMb":256,"serviceAccountEmail":"safari-text@appspot.gserviceaccount.com","updateTime":"2022-09-16T03:27:54.621Z","versionId":"3","labels":{"deployment-tool":"cli-firebase"},"sourceUploadUrl":"https://storage.googleapis.com/uploads-1074804142481.us-central1.cloudfunctions.appspot.com/0ab1e650-73d2-4fee-94fa-46a5ff766a3b.zip?GoogleAccessId=service-313850022911@gcf-admin-robot.iam.gserviceaccount.com&Expires=1663306202&Signature=I6xM1zC4JH8T6rDFR8q%2BthEQVavTrQ7q1VP4r%2FopTVFIlJvzzGTbFqNJHVjA4%2Fy%2FJE9d7qfIAbc1IVxtgw1wczWqDnnntXm%2ByCnNXzVrgwoO927Op1RHWpBxjaRUL2YK%2BJ5%2FSI5%2FzhENVZhzRqMNZIT%2FkFMavAvnDdJmI%2FZr0myaX8weWLrmhTA7ONniRsMKDPSxXIac%2BRKIFL8y2WRjGGgxBPjfFSdUMmvO1qn7aHxygdeJWr%2BHEy7ioNr9nPajuCsPK7LDC%2ByI8ND8liU%2FaxqqtxrmAWNyLBljXhusCAUboz10v7bj0P1oZZbreGxYHpcwUjcmSNtoeN5BU6c0Yw%3D%3D","environmentVariables":{"TWILIO_ACCOUNT_SID":"AC65015b2d59ae5b0f1b493798eea6b42f","TWILIO_AUTH_TOKEN":"5a162f099c138fdbad2038ca314eacbb","TWILIO_PHONE_NUMBER":"+18146793741","MY_PHONE_NUMBER":"+13439993428","FIREBASE_CONFIG":"{\"projectId\":\"safari-text\",\"storageBucket\":\"safari-text.appspot.com\",\"locationId\":\"europe-west\"}","GCLOUD_PROJECT":"safari-text"},"runtime":"nodejs16","ingressSettings":"ALLOW_ALL","buildId":"bd2d83c3-0840-4526-844b-a3cdfd038a86","sourceToken":"7fe20e50-8692-4934-9201-a3f0e31bacb8","buildName":"projects/313850022911/locations/us-central1/builds/bd2d83c3-0840-4526-844b-a3cdfd038a86","dockerRegistry":"ARTIFACT_REGISTRY"},"versionId":"4","updateTime":"2022-09-16T05:01:11Z","sourceToken":"7fe20e50-8692-4934-9201-a3f0e31bacb8"}}
[debug] [2022-09-16T05:01:16.612Z] Got source token 7fe20e50-8692-4934-9201-a3f0e31bacb8 for region us-central1
[debug] [2022-09-16T05:01:20.617Z] [update-default-us-central1-inboundSMS] Retrying task index 0
[debug] [2022-09-16T05:01:20.617Z] >>> [apiv2][query] GET https://cloudfunctions.googleapis.com/v1/operations/c2FmYXJpLXRleHQvdXMtY2VudHJhbDEvaW5ib3VuZFNNUy9GNHVZbXZzN1oxUQ [none]
[debug] [2022-09-16T05:01:21.099Z] <<< [apiv2][status] GET https://cloudfunctions.googleapis.com/v1/operations/c2FmYXJpLXRleHQvdXMtY2VudHJhbDEvaW5ib3VuZFNNUy9GNHVZbXZzN1oxUQ 200
[debug] [2022-09-16T05:01:21.099Z] <<< [apiv2][body] GET https://cloudfunctions.googleapis.com/v1/operations/c2FmYXJpLXRleHQvdXMtY2VudHJhbDEvaW5ib3VuZFNNUy9GNHVZbXZzN1oxUQ {"name":"operations/c2FmYXJpLXRleHQvdXMtY2VudHJhbDEvaW5ib3VuZFNNUy9GNHVZbXZzN1oxUQ","metadata":{"@type":"type.googleapis.com/google.cloud.functions.v1.OperationMetadataV1","target":"projects/safari-text/locations/us-central1/functions/inboundSMS","type":"UPDATE_FUNCTION","request":{"@type":"type.googleapis.com/google.cloud.functions.v1.CloudFunction","name":"projects/safari-text/locations/us-central1/functions/inboundSMS","httpsTrigger":{"url":"https://us-central1-safari-text.cloudfunctions.net/inboundSMS","securityLevel":"SECURE_ALWAYS"},"status":"OFFLINE","entryPoint":"inboundSMS","timeout":"60s","availableMemoryMb":256,"serviceAccountEmail":"safari-text@appspot.gserviceaccount.com","updateTime":"2022-09-16T03:27:54.621Z","versionId":"3","labels":{"deployment-tool":"cli-firebase"},"sourceUploadUrl":"https://storage.googleapis.com/uploads-1074804142481.us-central1.cloudfunctions.appspot.com/0ab1e650-73d2-4fee-94fa-46a5ff766a3b.zip?GoogleAccessId=service-313850022911@gcf-admin-robot.iam.gserviceaccount.com&Expires=1663306202&Signature=I6xM1zC4JH8T6rDFR8q%2BthEQVavTrQ7q1VP4r%2FopTVFIlJvzzGTbFqNJHVjA4%2Fy%2FJE9d7qfIAbc1IVxtgw1wczWqDnnntXm%2ByCnNXzVrgwoO927Op1RHWpBxjaRUL2YK%2BJ5%2FSI5%2FzhENVZhzRqMNZIT%2FkFMavAvnDdJmI%2FZr0myaX8weWLrmhTA7ONniRsMKDPSxXIac%2BRKIFL8y2WRjGGgxBPjfFSdUMmvO1qn7aHxygdeJWr%2BHEy7ioNr9nPajuCsPK7LDC%2ByI8ND8liU%2FaxqqtxrmAWNyLBljXhusCAUboz10v7bj0P1oZZbreGxYHpcwUjcmSNtoeN5BU6c0Yw%3D%3D","environmentVariables":{"TWILIO_ACCOUNT_SID":"AC65015b2d59ae5b0f1b493798eea6b42f","TWILIO_AUTH_TOKEN":"5a162f099c138fdbad2038ca314eacbb","TWILIO_PHONE_NUMBER":"+18146793741","MY_PHONE_NUMBER":"+13439993428","FIREBASE_CONFIG":"{\"projectId\":\"safari-text\",\"storageBucket\":\"safari-text.appspot.com\",\"locationId\":\"europe-west\"}","GCLOUD_PROJECT":"safari-text"},"runtime":"nodejs16","ingressSettings":"ALLOW_ALL","buildId":"bd2d83c3-0840-4526-844b-a3cdfd038a86","sourceToken":"7fe20e50-8692-4934-9201-a3f0e31bacb8","buildName":"projects/313850022911/locations/us-central1/builds/bd2d83c3-0840-4526-844b-a3cdfd038a86","dockerRegistry":"ARTIFACT_REGISTRY"},"versionId":"4","updateTime":"2022-09-16T05:01:11Z","buildId":"e73ac5cd-5b8a-466c-b7a8-e14f0ad46771","sourceToken":"7fe20e50-8692-4934-9201-a3f0e31bacb8","buildName":"projects/313850022911/locations/us-central1/builds/e73ac5cd-5b8a-466c-b7a8-e14f0ad46771"}}
[debug] [2022-09-16T05:01:21.099Z] Got source token 7fe20e50-8692-4934-9201-a3f0e31bacb8 for region us-central1
[debug] [2022-09-16T05:01:21.289Z] [update-default-us-central1-addAccount] Retrying task index 0
[debug] [2022-09-16T05:01:21.289Z] >>> [apiv2][query] GET https://cloudfunctions.googleapis.com/v1/operations/c2FmYXJpLXRleHQvdXMtY2VudHJhbDEvYWRkQWNjb3VudC9PWG5ab1ZWSXo2MA [none]
[debug] [2022-09-16T05:01:21.566Z] <<< [apiv2][status] GET https://cloudfunctions.googleapis.com/v1/operations/c2FmYXJpLXRleHQvdXMtY2VudHJhbDEvYWRkQWNjb3VudC9PWG5ab1ZWSXo2MA 200
[debug] [2022-09-16T05:01:21.566Z] <<< [apiv2][body] GET https://cloudfunctions.googleapis.com/v1/operations/c2FmYXJpLXRleHQvdXMtY2VudHJhbDEvYWRkQWNjb3VudC9PWG5ab1ZWSXo2MA {"name":"operations/c2FmYXJpLXRleHQvdXMtY2VudHJhbDEvYWRkQWNjb3VudC9PWG5ab1ZWSXo2MA","metadata":{"@type":"type.googleapis.com/google.cloud.functions.v1.OperationMetadataV1","target":"projects/safari-text/locations/us-central1/functions/addAccount","type":"UPDATE_FUNCTION","request":{"@type":"type.googleapis.com/google.cloud.functions.v1.CloudFunction","name":"projects/safari-text/locations/us-central1/functions/addAccount","eventTrigger":{"eventType":"providers/cloud.firestore/eventTypes/document.create","resource":"projects/safari-text/databases/(default)/documents/accounts/{documentId}","service":"firestore.googleapis.com"},"status":"OFFLINE","entryPoint":"addAccount","timeout":"60s","availableMemoryMb":256,"serviceAccountEmail":"safari-text@appspot.gserviceaccount.com","updateTime":"2022-09-16T03:27:08.947Z","versionId":"3","labels":{"deployment-tool":"cli-firebase"},"sourceUploadUrl":"https://storage.googleapis.com/uploads-1074804142481.us-central1.cloudfunctions.appspot.com/0ab1e650-73d2-4fee-94fa-46a5ff766a3b.zip?GoogleAccessId=service-313850022911@gcf-admin-robot.iam.gserviceaccount.com&Expires=1663306202&Signature=I6xM1zC4JH8T6rDFR8q%2BthEQVavTrQ7q1VP4r%2FopTVFIlJvzzGTbFqNJHVjA4%2Fy%2FJE9d7qfIAbc1IVxtgw1wczWqDnnntXm%2ByCnNXzVrgwoO927Op1RHWpBxjaRUL2YK%2BJ5%2FSI5%2FzhENVZhzRqMNZIT%2FkFMavAvnDdJmI%2FZr0myaX8weWLrmhTA7ONniRsMKDPSxXIac%2BRKIFL8y2WRjGGgxBPjfFSdUMmvO1qn7aHxygdeJWr%2BHEy7ioNr9nPajuCsPK7LDC%2ByI8ND8liU%2FaxqqtxrmAWNyLBljXhusCAUboz10v7bj0P1oZZbreGxYHpcwUjcmSNtoeN5BU6c0Yw%3D%3D","environmentVariables":{"TWILIO_ACCOUNT_SID":"AC65015b2d59ae5b0f1b493798eea6b42f","TWILIO_AUTH_TOKEN":"5a162f099c138fdbad2038ca314eacbb","TWILIO_PHONE_NUMBER":"+18146793741","MY_PHONE_NUMBER":"+13439993428","FIREBASE_CONFIG":"{\"projectId\":\"safari-text\",\"storageBucket\":\"safari-text.appspot.com\",\"locationId\":\"europe-west\"}","GCLOUD_PROJECT":"safari-text"},"runtime":"nodejs16","ingressSettings":"ALLOW_ALL","buildId":"bd2d83c3-0840-4526-844b-a3cdfd038a86","buildName":"projects/313850022911/locations/us-central1/builds/bd2d83c3-0840-4526-844b-a3cdfd038a86","dockerRegistry":"ARTIFACT_REGISTRY"},"versionId":"4","updateTime":"2022-09-16T05:01:12Z","buildId":"e73ac5cd-5b8a-466c-b7a8-e14f0ad46771","sourceToken":"7fe20e50-8692-4934-9201-a3f0e31bacb8","buildName":"projects/313850022911/locations/us-central1/builds/e73ac5cd-5b8a-466c-b7a8-e14f0ad46771"},"done":true,"error":{"code":3,"message":"Function failed on loading user code. This is likely due to a bug in the user code. Error message: Error: please examine your function logs to see the error cause: https://cloud.google.com/functions/docs/monitoring/logging#viewing_logs. Additional troubleshooting documentation can be found at https://cloud.google.com/functions/docs/troubleshooting#logging. Please visit https://cloud.google.com/functions/docs/troubleshooting for in-depth troubleshooting documentation."}}
[debug] [2022-09-16T05:01:21.566Z] Got source token 7fe20e50-8692-4934-9201-a3f0e31bacb8 for region us-central1
[error] Function failed on loading user code. This is likely due to a bug in the user code. Error message: Error: please examine your function logs to see the error cause: https://cloud.google.com/functions/docs/monitoring/logging#viewing_logs. Additional troubleshooting documentation can be found at https://cloud.google.com/functions/docs/troubleshooting#logging. Please visit https://cloud.google.com/functions/docs/troubleshooting for in-depth troubleshooting documentation.
[debug] [2022-09-16T05:01:29.107Z] [update-default-us-central1-inboundSMS] Retrying task index 0
[debug] [2022-09-16T05:01:29.107Z] >>> [apiv2][query] GET https://cloudfunctions.googleapis.com/v1/operations/c2FmYXJpLXRleHQvdXMtY2VudHJhbDEvaW5ib3VuZFNNUy9GNHVZbXZzN1oxUQ [none]
[debug] [2022-09-16T05:01:29.589Z] <<< [apiv2][status] GET https://cloudfunctions.googleapis.com/v1/operations/c2FmYXJpLXRleHQvdXMtY2VudHJhbDEvaW5ib3VuZFNNUy9GNHVZbXZzN1oxUQ 200
[debug] [2022-09-16T05:01:29.590Z] <<< [apiv2][body] GET https://cloudfunctions.googleapis.com/v1/operations/c2FmYXJpLXRleHQvdXMtY2VudHJhbDEvaW5ib3VuZFNNUy9GNHVZbXZzN1oxUQ {"name":"operations/c2FmYXJpLXRleHQvdXMtY2VudHJhbDEvaW5ib3VuZFNNUy9GNHVZbXZzN1oxUQ","metadata":{"@type":"type.googleapis.com/google.cloud.functions.v1.OperationMetadataV1","target":"projects/safari-text/locations/us-central1/functions/inboundSMS","type":"UPDATE_FUNCTION","request":{"@type":"type.googleapis.com/google.cloud.functions.v1.CloudFunction","name":"projects/safari-text/locations/us-central1/functions/inboundSMS","httpsTrigger":{"url":"https://us-central1-safari-text.cloudfunctions.net/inboundSMS","securityLevel":"SECURE_ALWAYS"},"status":"OFFLINE","entryPoint":"inboundSMS","timeout":"60s","availableMemoryMb":256,"serviceAccountEmail":"safari-text@appspot.gserviceaccount.com","updateTime":"2022-09-16T03:27:54.621Z","versionId":"3","labels":{"deployment-tool":"cli-firebase"},"sourceUploadUrl":"https://storage.googleapis.com/uploads-1074804142481.us-central1.cloudfunctions.appspot.com/0ab1e650-73d2-4fee-94fa-46a5ff766a3b.zip?GoogleAccessId=service-313850022911@gcf-admin-robot.iam.gserviceaccount.com&Expires=1663306202&Signature=I6xM1zC4JH8T6rDFR8q%2BthEQVavTrQ7q1VP4r%2FopTVFIlJvzzGTbFqNJHVjA4%2Fy%2FJE9d7qfIAbc1IVxtgw1wczWqDnnntXm%2ByCnNXzVrgwoO927Op1RHWpBxjaRUL2YK%2BJ5%2FSI5%2FzhENVZhzRqMNZIT%2FkFMavAvnDdJmI%2FZr0myaX8weWLrmhTA7ONniRsMKDPSxXIac%2BRKIFL8y2WRjGGgxBPjfFSdUMmvO1qn7aHxygdeJWr%2BHEy7ioNr9nPajuCsPK7LDC%2ByI8ND8liU%2FaxqqtxrmAWNyLBljXhusCAUboz10v7bj0P1oZZbreGxYHpcwUjcmSNtoeN5BU6c0Yw%3D%3D","environmentVariables":{"TWILIO_ACCOUNT_SID":"AC65015b2d59ae5b0f1b493798eea6b42f","TWILIO_AUTH_TOKEN":"5a162f099c138fdbad2038ca314eacbb","TWILIO_PHONE_NUMBER":"+18146793741","MY_PHONE_NUMBER":"+13439993428","FIREBASE_CONFIG":"{\"projectId\":\"safari-text\",\"storageBucket\":\"safari-text.appspot.com\",\"locationId\":\"europe-west\"}","GCLOUD_PROJECT":"safari-text"},"runtime":"nodejs16","ingressSettings":"ALLOW_ALL","buildId":"bd2d83c3-0840-4526-844b-a3cdfd038a86","sourceToken":"7fe20e50-8692-4934-9201-a3f0e31bacb8","buildName":"projects/313850022911/locations/us-central1/builds/bd2d83c3-0840-4526-844b-a3cdfd038a86","dockerRegistry":"ARTIFACT_REGISTRY"},"versionId":"4","updateTime":"2022-09-16T05:01:22Z","buildId":"e73ac5cd-5b8a-466c-b7a8-e14f0ad46771","sourceToken":"7fe20e50-8692-4934-9201-a3f0e31bacb8","buildName":"projects/313850022911/locations/us-central1/builds/e73ac5cd-5b8a-466c-b7a8-e14f0ad46771"},"done":true,"error":{"code":3,"message":"Function failed on loading user code. This is likely due to a bug in the user code. Error message: Error: please examine your function logs to see the error cause: https://cloud.google.com/functions/docs/monitoring/logging#viewing_logs. Additional troubleshooting documentation can be found at https://cloud.google.com/functions/docs/troubleshooting#logging. Please visit https://cloud.google.com/functions/docs/troubleshooting for in-depth troubleshooting documentation."}}
[debug] [2022-09-16T05:01:29.590Z] Got source token 7fe20e50-8692-4934-9201-a3f0e31bacb8 for region us-central1
[error] Function failed on loading user code. This is likely due to a bug in the user code. Error message: Error: please examine your function logs to see the error cause: https://cloud.google.com/functions/docs/monitoring/logging#viewing_logs. Additional troubleshooting documentation can be found at https://cloud.google.com/functions/docs/troubleshooting#logging. Please visit https://cloud.google.com/functions/docs/troubleshooting for in-depth troubleshooting documentation.
[debug] [2022-09-16T05:01:29.591Z] Total Function Deployment time: 77958
[debug] [2022-09-16T05:01:29.591Z] 3 Functions Deployed
[debug] [2022-09-16T05:01:29.591Z] 2 Functions Errored
[debug] [2022-09-16T05:01:29.591Z] 1 Function Deployments Aborted
[debug] [2022-09-16T05:01:29.591Z] Average Function Deployment time: 73945
[info] 
[info] Functions deploy had errors with the following functions:
	addAccount(us-central1)
	inboundSMS(us-central1)
[info] 
[info] Because there were errors creating or updating functions, the following functions were not deleted
	helloServer(us-central1)
[info] To delete these, use firebase functions:delete
[debug] [2022-09-16T05:01:29.593Z] Not printing URL for HTTPS function. Typically this means it didn't match a filter or we failed deployment
[info] i  functions: cleaning up build files... 
[debug] [2022-09-16T05:01:29.595Z] >>> [apiv2][query] DELETE https://artifactregistry.googleapis.com/v1beta2/projects/safari-text/locations/us-central1/repositories/gcf-artifacts/packages/add_account [none]
[debug] [2022-09-16T05:01:29.596Z] >>> [apiv2][query] DELETE https://artifactregistry.googleapis.com/v1beta2/projects/safari-text/locations/us-central1/repositories/gcf-artifacts/packages/inbound_s_m_s [none]
[debug] [2022-09-16T05:01:29.597Z] >>> [apiv2][query] DELETE https://artifactregistry.googleapis.com/v1beta2/projects/safari-text/locations/us-central1/repositories/gcf-artifacts/packages/hello_server [none]
[debug] [2022-09-16T05:01:29.597Z] >>> [apiv2][query] DELETE https://artifactregistry.googleapis.com/v1beta2/projects/safari-text/locations/us-central1/repositories/gcf-artifacts/packages/hello_server%2Fcache [none]
[debug] [2022-09-16T05:01:29.598Z] >>> [apiv2][query] GET https://us.gcr.io/v2/safari-text/gcf/us-central1/tags/list [none]
[debug] [2022-09-16T05:01:30.035Z] <<< [apiv2][status] DELETE https://artifactregistry.googleapis.com/v1beta2/projects/safari-text/locations/us-central1/repositories/gcf-artifacts/packages/hello_server 404
[debug] [2022-09-16T05:01:30.035Z] <<< [apiv2][body] DELETE https://artifactregistry.googleapis.com/v1beta2/projects/safari-text/locations/us-central1/repositories/gcf-artifacts/packages/hello_server {"error":{"code":404,"message":"Package \"projects/safari-text/locations/us-central1/repositories/gcf-artifacts/packages/hello_server\" was not found.","status":"NOT_FOUND"}}
[debug] [2022-09-16T05:01:30.040Z] <<< [apiv2][status] DELETE https://artifactregistry.googleapis.com/v1beta2/projects/safari-text/locations/us-central1/repositories/gcf-artifacts/packages/inbound_s_m_s 200
[debug] [2022-09-16T05:01:30.040Z] <<< [apiv2][body] DELETE https://artifactregistry.googleapis.com/v1beta2/projects/safari-text/locations/us-central1/repositories/gcf-artifacts/packages/inbound_s_m_s {"name":"projects/safari-text/locations/us-central1/operations/8ac590b2-1395-4a43-893b-af646dd85372","metadata":{"@type":"type.googleapis.com/google.devtools.artifactregistry.v1beta2.OperationMetadata"}}
[debug] [2022-09-16T05:01:30.040Z] >>> [apiv2][query] GET https://artifactregistry.googleapis.com/v1beta2/projects/safari-text/locations/us-central1/operations/8ac590b2-1395-4a43-893b-af646dd85372 [none]
[debug] [2022-09-16T05:01:30.047Z] <<< [apiv2][status] DELETE https://artifactregistry.googleapis.com/v1beta2/projects/safari-text/locations/us-central1/repositories/gcf-artifacts/packages/add_account 200
[debug] [2022-09-16T05:01:30.047Z] <<< [apiv2][body] DELETE https://artifactregistry.googleapis.com/v1beta2/projects/safari-text/locations/us-central1/repositories/gcf-artifacts/packages/add_account {"name":"projects/safari-text/locations/us-central1/operations/3680a500-34ce-4172-9bab-c0f924d01bbc","metadata":{"@type":"type.googleapis.com/google.devtools.artifactregistry.v1beta2.OperationMetadata"}}
[debug] [2022-09-16T05:01:30.048Z] >>> [apiv2][query] GET https://artifactregistry.googleapis.com/v1beta2/projects/safari-text/locations/us-central1/operations/3680a500-34ce-4172-9bab-c0f924d01bbc [none]
[debug] [2022-09-16T05:01:30.049Z] <<< [apiv2][status] DELETE https://artifactregistry.googleapis.com/v1beta2/projects/safari-text/locations/us-central1/repositories/gcf-artifacts/packages/hello_server%2Fcache 404
[debug] [2022-09-16T05:01:30.050Z] <<< [apiv2][body] DELETE https://artifactregistry.googleapis.com/v1beta2/projects/safari-text/locations/us-central1/repositories/gcf-artifacts/packages/hello_server%2Fcache {"error":{"code":404,"message":"Package \"projects/safari-text/locations/us-central1/repositories/gcf-artifacts/packages/hello_server%2Fcache\" was not found.","status":"NOT_FOUND"}}
[debug] [2022-09-16T05:01:30.153Z] <<< [apiv2][status] GET https://us.gcr.io/v2/safari-text/gcf/us-central1/tags/list 200
[debug] [2022-09-16T05:01:30.153Z] <<< [apiv2][body] GET https://us.gcr.io/v2/safari-text/gcf/us-central1/tags/list {"child":[],"manifest":{},"name":"safari-text/gcf/us-central1","tags":[]}
[debug] [2022-09-16T05:01:30.153Z] Could not find image for function projects/safari-text/locations/us-central1/functions/addAccount
[debug] [2022-09-16T05:01:30.153Z] Could not find image for function projects/safari-text/locations/us-central1/functions/inboundSMS
[debug] [2022-09-16T05:01:30.153Z] Could not find image for function projects/safari-text/locations/us-central1/functions/helloServer
[debug] [2022-09-16T05:01:30.364Z] <<< [apiv2][status] GET https://artifactregistry.googleapis.com/v1beta2/projects/safari-text/locations/us-central1/operations/8ac590b2-1395-4a43-893b-af646dd85372 200
[debug] [2022-09-16T05:01:30.364Z] <<< [apiv2][body] GET https://artifactregistry.googleapis.com/v1beta2/projects/safari-text/locations/us-central1/operations/8ac590b2-1395-4a43-893b-af646dd85372 {"name":"projects/safari-text/locations/us-central1/operations/8ac590b2-1395-4a43-893b-af646dd85372","metadata":{"@type":"type.googleapis.com/google.devtools.artifactregistry.v1beta2.OperationMetadata"},"done":true,"response":{"@type":"type.googleapis.com/google.devtools.artifactregistry.v1beta2.Package","name":"projects/safari-text/locations/us-central1/repositories/gcf-artifacts/packages/inbound_s_m_s"}}
[debug] [2022-09-16T05:01:30.371Z] <<< [apiv2][status] GET https://artifactregistry.googleapis.com/v1beta2/projects/safari-text/locations/us-central1/operations/3680a500-34ce-4172-9bab-c0f924d01bbc 200
[debug] [2022-09-16T05:01:30.371Z] <<< [apiv2][body] GET https://artifactregistry.googleapis.com/v1beta2/projects/safari-text/locations/us-central1/operations/3680a500-34ce-4172-9bab-c0f924d01bbc {"name":"projects/safari-text/locations/us-central1/operations/3680a500-34ce-4172-9bab-c0f924d01bbc","metadata":{"@type":"type.googleapis.com/google.devtools.artifactregistry.v1beta2.OperationMetadata"},"done":true,"response":{"@type":"type.googleapis.com/google.devtools.artifactregistry.v1beta2.Package","name":"projects/safari-text/locations/us-central1/repositories/gcf-artifacts/packages/add_account"}}
[warn] ⚠  functions: Unhandled error cleaning up build images. This could result in a small monthly bill if not corrected. You can attempt to delete these images by redeploying or you can delete them manually at https://console.cloud.google.com/artifacts/docker/safari-text/us-central1/gcf-artifacts 
[debug] [2022-09-16T05:01:30.372Z] Functions deploy failed.
[debug] [2022-09-16T05:01:30.372Z] {
  "endpoint": {
    "id": "addAccount",
    "project": "safari-text",
    "region": "us-central1",
    "entryPoint": "addAccount",
    "platform": "gcfv1",
    "runtime": "nodejs16",
    "eventTrigger": {
      "eventType": "providers/cloud.firestore/eventTypes/document.create",
      "retry": false,
      "eventFilters": {
        "resource": "projects/safari-text/databases/(default)/documents/accounts/{documentId}"
      }
    },
    "labels": {
      "deployment-tool": "cli-firebase"
    },
    "environmentVariables": {
      "TWILIO_ACCOUNT_SID": "AC65015b2d59ae5b0f1b493798eea6b42f",
      "TWILIO_AUTH_TOKEN": "5a162f099c138fdbad2038ca314eacbb",
      "TWILIO_PHONE_NUMBER": "+18146793741",
      "MY_PHONE_NUMBER": "+13439993428",
      "FIREBASE_CONFIG": "{\"projectId\":\"safari-text\",\"storageBucket\":\"safari-text.appspot.com\",\"locationId\":\"europe-west\"}",
      "GCLOUD_PROJECT": "safari-text"
    },
    "codebase": "default",
    "availableMemoryMb": 256,
    "securityLevel": "SECURE_ALWAYS"
  },
  "op": "update",
  "original": {
    "name": "FirebaseError",
    "children": [],
    "exit": 1,
    "message": "Function failed on loading user code. This is likely due to a bug in the user code. Error message: Error: please examine your function logs to see the error cause: https://cloud.google.com/functions/docs/monitoring/logging#viewing_logs. Additional troubleshooting documentation can be found at https://cloud.google.com/functions/docs/troubleshooting#logging. Please visit https://cloud.google.com/functions/docs/troubleshooting for in-depth troubleshooting documentation.",
    "status": 3
  }
}
[debug] [2022-09-16T05:01:30.372Z] {
  "endpoint": {
    "id": "inboundSMS",
    "project": "safari-text",
    "region": "us-central1",
    "entryPoint": "inboundSMS",
    "platform": "gcfv1",
    "runtime": "nodejs16",
    "httpsTrigger": {},
    "environmentVariables": {
      "TWILIO_ACCOUNT_SID": "AC65015b2d59ae5b0f1b493798eea6b42f",
      "TWILIO_AUTH_TOKEN": "5a162f099c138fdbad2038ca314eacbb",
      "TWILIO_PHONE_NUMBER": "+18146793741",
      "MY_PHONE_NUMBER": "+13439993428",
      "FIREBASE_CONFIG": "{\"projectId\":\"safari-text\",\"storageBucket\":\"safari-text.appspot.com\",\"locationId\":\"europe-west\"}",
      "GCLOUD_PROJECT": "safari-text"
    },
    "codebase": "default",
    "availableMemoryMb": 256,
    "securityLevel": "SECURE_ALWAYS",
    "labels": {
      "deployment-tool": "cli-firebase"
    }
  },
  "op": "update",
  "original": {
    "name": "FirebaseError",
    "children": [],
    "exit": 1,
    "message": "Function failed on loading user code. This is likely due to a bug in the user code. Error message: Error: please examine your function logs to see the error cause: https://cloud.google.com/functions/docs/monitoring/logging#viewing_logs. Additional troubleshooting documentation can be found at https://cloud.google.com/functions/docs/troubleshooting#logging. Please visit https://cloud.google.com/functions/docs/troubleshooting for in-depth troubleshooting documentation.",
    "status": 3
  }
}
[debug] [2022-09-16T05:01:30.372Z] {
  "endpoint": {
    "platform": "gcfv1",
    "id": "helloServer",
    "project": "safari-text",
    "region": "us-central1",
    "httpsTrigger": {},
    "entryPoint": "helloServer",
    "runtime": "nodejs16",
    "uri": "https://us-central1-safari-text.cloudfunctions.net/helloServer",
    "securityLevel": "SECURE_ALWAYS",
    "ingressSettings": "ALLOW_ALL",
    "labels": {
      "deployment-tool": "cli-firebase"
    },
    "environmentVariables": {
      "TWILIO_ACCOUNT_SID": "AC65015b2d59ae5b0f1b493798eea6b42f",
      "TWILIO_AUTH_TOKEN": "5a162f099c138fdbad2038ca314eacbb",
      "TWILIO_PHONE_NUMBER": "+18146793741",
      "MY_PHONE_NUMBER": "+13439993428",
      "FIREBASE_CONFIG": "{\"projectId\":\"safari-text\",\"storageBucket\":\"safari-text.appspot.com\",\"locationId\":\"europe-west\"}",
      "GCLOUD_PROJECT": "safari-text"
    },
    "sourceUploadUrl": "https://storage.googleapis.com/uploads-1074804142481.us-central1.cloudfunctions.appspot.com/e9100d9e-5c1f-4c04-9812-fff63f05b77d.zip",
    "serviceAccount": "safari-text@appspot.gserviceaccount.com",
    "availableMemoryMb": 256,
    "timeoutSeconds": 60,
    "codebase": "default"
  },
  "op": "delete",
  "original": {}
}
[error] Error: There was an error deploying functions:
[error] - Error Failed to update function addAccount in region us-central1
[error] - Error Failed to update function inboundSMS in region us-central1
[error] - Error Failed to delete function helloServer in region us-central1
